2.3528 	ERROR 	Support for the `sounddevice` audio backend is not available this session. Please install `psychopy-sounddevice` and restart the session to enable support.
15.0344 	EXP 	Created window1 = Window(allowGUI=True, allowStencil=False, autoLog=True, backendConf=UNKNOWN, backgroundFit=<method-wrapper '__getattribute__' of attributeSetter object at 0x000002A97B6BB1C0>, backgroundImage=<method-wrapper '__getattribute__' of attributeSetter object at 0x000002A97B6BB160>, bitsMode=UNKNOWN, blendMode='avg', bpc=(8, 8, 8), color=array([0, 0, 0]), colorSpace='rgb', depthBits=8, fullscr=<method-wrapper '__getattribute__' of attributeSetter object at 0x000002A97B6ACEE0>, gamma=None, gammaErrorPolicy='raise', lms=UNKNOWN, monitor=<psychopy.monitors.calibTools.Monitor object at 0x000002A97C45FD00>, multiSample=False, name='window1', numSamples=2, pos=(0, 0), screen=0, size=array([1920, 1080]), stencilBits=0, stereo=False, units='height', useFBO=True, useRetina=False, viewOri=0.0, viewPos=None, viewScale=None, waitBlanking=True, winType='pyglet')
15.0346 	EXP 	window1: mouseVisible = True
15.0347 	EXP 	window1: backgroundImage = ''
15.0347 	EXP 	window1: backgroundFit = 'none'
15.0349 	EXP 	window1: mouseVisible = False
15.0349 	EXP 	window1: Attempting to measure frame rate of screen (0) ...
15.0350 	EXP 	window1: recordFrameIntervals = False
15.2003 	EXP 	window1: recordFrameIntervals = True
15.3841 	EXP 	Screen (0) actual frame rate measured at 59.91Hz
15.3841 	EXP 	window1: recordFrameIntervals = False
15.8232 	EXP 	Created fix1 = TextStim(__class__=<class 'psychopy.visual.text.TextStim'>, alignHoriz=method-wrapper(...), alignText='center', alignVert=method-wrapper(...), anchorHoriz='center', anchorVert='center', antialias=True, autoDraw=False, autoLog=True, bold=False, color=array([1., 1., 1.]), colorSpace='rgb', contrast=1.0, depth=0.0, flipHoriz=False, flipVert=False, font='Open Sans', fontFiles=[], height=0.05, italic=False, languageStyle='LTR', name='fix1', opacity=1.0, ori=0.0, pos=array([0., 0.]), rgb=UNKNOWN, text='+', units='height', win=Window(...), wrapWidth=1)
15.8263 	EXP 	Created fix3 = TextStim(__class__=<class 'psychopy.visual.text.TextStim'>, alignHoriz=method-wrapper(...), alignText='center', alignVert=method-wrapper(...), anchorHoriz='center', anchorVert='center', antialias=True, autoDraw=False, autoLog=True, bold=False, color=array([1., 1., 1.]), colorSpace='rgb', contrast=1.0, depth=0.0, flipHoriz=False, flipVert=False, font='Open Sans', fontFiles=[], height=0.05, italic=False, languageStyle='LTR', name='fix3', opacity=1.0, ori=0.0, pos=array([0., 0.]), rgb=UNKNOWN, text='+', units='height', win=Window(...), wrapWidth=1)
15.9323 	EXP 	Created text_15 = TextStim(__class__=<class 'psychopy.visual.text.TextStim'>, alignHoriz=method-wrapper(...), alignText='center', alignVert=method-wrapper(...), anchorHoriz='center', anchorVert='center', antialias=True, autoDraw=False, autoLog=True, bold=False, color=array([1., 1., 1.]), colorSpace='rgb', contrast=1.0, depth=0.0, flipHoriz=False, flipVert=False, font='Open Sans', fontFiles=[], height=0.05, italic=False, languageStyle='LTR', name='text_15', opacity=1.0, ori=0.0, pos=array([0., 0.]), rgb=UNKNOWN, text=str(...), units='height', win=Window(...), wrapWidth=1)
15.9381 	EXP 	Created fix4 = TextStim(__class__=<class 'psychopy.visual.text.TextStim'>, alignHoriz=method-wrapper(...), alignText='center', alignVert=method-wrapper(...), anchorHoriz='center', anchorVert='center', antialias=True, autoDraw=False, autoLog=True, bold=False, color=array([1., 1., 1.]), colorSpace='rgb', contrast=1.0, depth=0.0, flipHoriz=False, flipVert=False, font='Open Sans', fontFiles=[], height=0.05, italic=False, languageStyle='LTR', name='fix4', opacity=1.0, ori=0.0, pos=array([0., 0.]), rgb=UNKNOWN, text='+', units='height', win=Window(...), wrapWidth=1)
15.9420 	EXP 	movie: autoLog = True
15.9420 	EXP 	fix1: autoDraw = True
61.4173 	DATA 	Keypress: equal
61.4387 	EXP 	Imported movie_stim_1.csv as conditions, 20 conditions, 6 params
61.4400 	EXP 	Created sequence: sequential, trialTypes=20, nReps=1, seed=None
61.4408 	EXP 	New trial (rep=0, index=0): OrderedDict([('run', 1), ('start_time', 10.0), ('type', 'scrambled'), ('moviestim', 'fps_60/1592044.bmp_pp90_L2_V1_scrambled_freeview_isoFalse_fps60.mp4'), ('jitters', 10.0), ('frames', None)])
61.4447 	EXP 	fix1: autoDraw = False
61.4447 	EXP 	fix3: autoDraw = True
63.4117 	DATA 	Keypress: equal
65.4172 	DATA 	Keypress: equal
67.4042 	DATA 	Keypress: equal
69.4154 	DATA 	Keypress: equal
71.4113 	DATA 	Keypress: equal
71.8592 	EXP 	fix3: autoDraw = False
71.8592 	EXP 	fix3: autoDraw = False
71.8592 	EXP 	movie: autoDraw = True
73.4087 	DATA 	Keypress: equal
74.9520 	EXP 	movie: autoDraw = False
74.9520 	EXP 	text_15: autoDraw = True
75.4064 	DATA 	Keypress: equal
77.0672 	DATA 	Keypress: 2
77.4176 	DATA 	Keypress: equal
77.9369 	EXP 	New trial (rep=0, index=1): OrderedDict([('run', 1), ('start_time', 19.68), ('type', 'scrambled'), ('moviestim', 'fps_60/1592094.bmp_pp89_L1_V1_scrambled_freeview_isoFalse_fps60.mp4'), ('jitters', 3.68), ('frames', None)])
77.9509 	EXP 	text_15: autoDraw = False
77.9509 	EXP 	text_15: autoDraw = False
77.9509 	EXP 	fix3: autoDraw = True
79.4173 	DATA 	Keypress: equal
81.4154 	DATA 	Keypress: equal
82.0840 	EXP 	fix3: autoDraw = False
82.0840 	EXP 	fix3: autoDraw = False
82.0840 	EXP 	movie: autoDraw = True
83.4087 	DATA 	Keypress: equal
85.1613 	EXP 	movie: autoDraw = False
85.1613 	EXP 	text_15: autoDraw = True
85.4124 	DATA 	Keypress: equal
86.2554 	DATA 	Keypress: 1
87.4157 	DATA 	Keypress: equal
88.1510 	EXP 	New trial (rep=0, index=2): OrderedDict([('run', 1), ('start_time', 29.81), ('type', 'veridical'), ('moviestim', 'fps_60/713142.bmp_pp54_L2_V1_veridical_freeview_isoFalse_fps60.mp4'), ('jitters', 4.129999999999999), ('frames', None)])
88.1667 	EXP 	text_15: autoDraw = False
88.1667 	EXP 	text_15: autoDraw = False
88.1667 	EXP 	fix3: autoDraw = True
89.4173 	DATA 	Keypress: equal
91.4032 	DATA 	Keypress: equal
92.7380 	EXP 	fix3: autoDraw = False
92.7380 	EXP 	fix3: autoDraw = False
92.7380 	EXP 	movie: autoDraw = True
93.4086 	DATA 	Keypress: equal
95.4078 	DATA 	Keypress: equal
95.8238 	EXP 	movie: autoDraw = False
95.8238 	EXP 	text_15: autoDraw = True
97.2338 	DATA 	Keypress: 2
97.4171 	DATA 	Keypress: equal
98.8181 	EXP 	New trial (rep=0, index=3): OrderedDict([('run', 1), ('start_time', 39.08), ('type', 'veridical'), ('moviestim', 'fps_60/1159515.bmp_pp80_L3_V1_veridical_freeview_isoFalse_fps60.mp4'), ('jitters', 3.27), ('frames', None)])
98.8334 	EXP 	text_15: autoDraw = False
98.8334 	EXP 	text_15: autoDraw = False
98.8334 	EXP 	fix3: autoDraw = True
99.4171 	DATA 	Keypress: equal
101.4171 	DATA 	Keypress: equal
102.4959 	EXP 	fix3: autoDraw = False
102.4959 	EXP 	fix3: autoDraw = False
102.4959 	EXP 	movie: autoDraw = True
103.4054 	DATA 	Keypress: equal
105.4075 	DATA 	Keypress: equal
105.5727 	EXP 	movie: autoDraw = False
105.5727 	EXP 	text_15: autoDraw = True
107.0023 	DATA 	Keypress: 1
107.4047 	DATA 	Keypress: equal
108.5677 	EXP 	New trial (rep=0, index=4): OrderedDict([('run', 1), ('start_time', 48.0), ('type', 'scrambled'), ('moviestim', 'fps_60/713142.bmp_pp54_L2_V1_scrambled_freeview_isoFalse_fps60.mp4'), ('jitters', 2.9200000000000017), ('frames', None)])
108.5836 	EXP 	text_15: autoDraw = False
108.5836 	EXP 	fix3: autoDraw = True
109.4171 	DATA 	Keypress: equal
111.4172 	DATA 	Keypress: equal
111.9040 	EXP 	fix3: autoDraw = False
111.9040 	EXP 	fix3: autoDraw = False
111.9040 	EXP 	movie: autoDraw = True
113.4053 	DATA 	Keypress: equal
115.0217 	EXP 	movie: autoDraw = False
115.0217 	EXP 	text_15: autoDraw = True
115.4102 	DATA 	Keypress: equal
117.3533 	DATA 	Keypress: 1
117.4038 	DATA 	Keypress: equal
118.0178 	EXP 	New trial (rep=0, index=5): OrderedDict([('run', 1), ('start_time', 56.3), ('type', 'scrambled'), ('moviestim', 'fps_60/713330.bmp_pp51_L1_V1_scrambled_freeview_isoFalse_fps60.mp4'), ('jitters', 2.299999999999997), ('frames', None)])
118.0335 	EXP 	text_15: autoDraw = False
118.0335 	EXP 	fix3: autoDraw = True
119.4172 	DATA 	Keypress: equal
120.7464 	EXP 	fix3: autoDraw = False
120.7464 	EXP 	fix3: autoDraw = False
120.7464 	EXP 	movie: autoDraw = True
121.4134 	DATA 	Keypress: equal
123.4085 	DATA 	Keypress: equal
123.8295 	EXP 	movie: autoDraw = False
123.8295 	EXP 	text_15: autoDraw = True
124.7866 	DATA 	Keypress: 2
125.4084 	DATA 	Keypress: equal
126.8296 	EXP 	New trial (rep=0, index=6): OrderedDict([('run', 1), ('start_time', 66.73), ('type', 'veridical'), ('moviestim', 'fps_60/1592044.bmp_pp90_L2_V1_veridical_freeview_isoFalse_fps60.mp4'), ('jitters', 4.430000000000007), ('frames', None)])
126.8457 	EXP 	text_15: autoDraw = False
126.8457 	EXP 	fix3: autoDraw = True
127.4172 	DATA 	Keypress: equal
129.4171 	DATA 	Keypress: equal
131.6535 	DATA 	Keypress: equal
131.7054 	EXP 	fix3: autoDraw = False
131.7054 	EXP 	fix3: autoDraw = False
131.7054 	EXP 	movie: autoDraw = True
133.4091 	DATA 	Keypress: equal
134.7942 	EXP 	movie: autoDraw = False
134.7942 	EXP 	text_15: autoDraw = True
135.4137 	DATA 	Keypress: equal
136.0388 	DATA 	Keypress: 1
137.4172 	DATA 	Keypress: equal
137.7875 	EXP 	New trial (rep=0, index=7): OrderedDict([('run', 1), ('start_time', 75.4), ('type', 'scrambled'), ('moviestim', 'fps_60/1159515.bmp_pp80_L3_V1_scrambled_freeview_isoFalse_fps60.mp4'), ('jitters', 2.6700000000000017), ('frames', None)])
137.8032 	EXP 	text_15: autoDraw = False
137.8032 	EXP 	text_15: autoDraw = False
137.8032 	EXP 	fix3: autoDraw = True
139.4044 	DATA 	Keypress: equal
140.8907 	EXP 	fix3: autoDraw = False
140.8907 	EXP 	fix3: autoDraw = False
140.8907 	EXP 	movie: autoDraw = True
141.4089 	DATA 	Keypress: equal
143.4073 	DATA 	Keypress: equal
143.9891 	EXP 	movie: autoDraw = False
143.9891 	EXP 	text_15: autoDraw = True
144.9101 	DATA 	Keypress: 2
145.4171 	DATA 	Keypress: equal
146.9771 	EXP 	New trial (rep=0, index=8): OrderedDict([('run', 1), ('start_time', 84.36), ('type', 'scrambled'), ('moviestim', 'fps_60/1160247.bmp_pp99_L2_V1_scrambled_freeview_isoFalse_fps60.mp4'), ('jitters', 2.9599999999999937), ('frames', None)])
146.9925 	EXP 	text_15: autoDraw = False
146.9925 	EXP 	text_15: autoDraw = False
146.9925 	EXP 	fix3: autoDraw = True
147.4135 	DATA 	Keypress: equal
149.4035 	DATA 	Keypress: equal
150.3058 	EXP 	fix3: autoDraw = False
150.3058 	EXP 	fix3: autoDraw = False
150.3058 	EXP 	movie: autoDraw = True
151.4097 	DATA 	Keypress: equal
153.4063 	DATA 	Keypress: equal
153.4112 	EXP 	movie: autoDraw = False
153.4112 	EXP 	text_15: autoDraw = True
155.4033 	DATA 	Keypress: equal
155.6195 	DATA 	Keypress: 2
156.4009 	EXP 	New trial (rep=0, index=9): OrderedDict([('run', 1), ('start_time', 93.97), ('type', 'veridical'), ('moviestim', 'fps_60/713807.bmp_pp152_L2_V1_veridical_freeview_isoFalse_fps60.mp4'), ('jitters', 3.61), ('frames', None)])
156.4166 	EXP 	text_15: autoDraw = False
156.4166 	EXP 	text_15: autoDraw = False
156.4166 	EXP 	fix3: autoDraw = True
157.4109 	DATA 	Keypress: equal
159.4118 	DATA 	Keypress: equal
160.3924 	EXP 	fix3: autoDraw = False
160.3924 	EXP 	fix3: autoDraw = False
160.3924 	EXP 	movie: autoDraw = True
161.4054 	DATA 	Keypress: equal
163.4037 	DATA 	Keypress: equal
163.5119 	EXP 	movie: autoDraw = False
163.5119 	EXP 	text_15: autoDraw = True
164.5126 	DATA 	Keypress: 1
165.4021 	DATA 	Keypress: equal
166.5080 	EXP 	New trial (rep=0, index=10): OrderedDict([('run', 1), ('start_time', 103.09), ('type', 'veridical'), ('moviestim', 'fps_60/1592094.bmp_pp89_L1_V1_veridical_freeview_isoFalse_fps60.mp4'), ('jitters', 3.1200000000000045), ('frames', None)])
166.5238 	EXP 	text_15: autoDraw = False
166.5238 	EXP 	fix3: autoDraw = True
167.4098 	DATA 	Keypress: equal
169.4085 	DATA 	Keypress: equal
170.0726 	EXP 	fix3: autoDraw = False
170.0726 	EXP 	fix3: autoDraw = False
170.0726 	EXP 	movie: autoDraw = True
171.4023 	DATA 	Keypress: equal
173.1714 	EXP 	movie: autoDraw = False
173.1714 	EXP 	text_15: autoDraw = True
173.4028 	DATA 	Keypress: equal
174.6061 	DATA 	Keypress: 1
175.4101 	DATA 	Keypress: equal
176.1634 	EXP 	New trial (rep=0, index=11): OrderedDict([('run', 1), ('start_time', 112.07), ('type', 'scrambled'), ('moviestim', 'fps_60/713807.bmp_pp152_L2_V1_scrambled_freeview_isoFalse_fps60.mp4'), ('jitters', 2.9799999999999898), ('frames', None)])
176.1788 	EXP 	text_15: autoDraw = False
176.1788 	EXP 	text_15: autoDraw = False
176.1788 	EXP 	fix3: autoDraw = True
177.4023 	DATA 	Keypress: equal
179.5209 	DATA 	Keypress: equal
179.5436 	EXP 	fix3: autoDraw = False
179.5436 	EXP 	fix3: autoDraw = False
179.5436 	EXP 	movie: autoDraw = True
181.4021 	DATA 	Keypress: equal
182.6456 	EXP 	movie: autoDraw = False
182.6456 	EXP 	text_15: autoDraw = True
183.4035 	DATA 	Keypress: equal
183.7194 	DATA 	Keypress: 1
185.4029 	DATA 	Keypress: equal
185.6358 	EXP 	New trial (rep=0, index=12): OrderedDict([('run', 1), ('start_time', 122.94), ('type', 'veridical'), ('moviestim', 'fps_60/1592836.bmp_pp64_L1_V1_veridical_freeview_isoFalse_fps60.mp4'), ('jitters', 4.8700000000000045), ('frames', None)])
185.6517 	EXP 	text_15: autoDraw = False
185.6517 	EXP 	text_15: autoDraw = False
185.6517 	EXP 	fix3: autoDraw = True
187.4113 	DATA 	Keypress: equal
189.4056 	DATA 	Keypress: equal
190.9604 	EXP 	fix3: autoDraw = False
190.9604 	EXP 	fix3: autoDraw = False
190.9604 	EXP 	movie: autoDraw = True
191.4036 	DATA 	Keypress: equal
193.4056 	DATA 	Keypress: equal
194.0629 	EXP 	movie: autoDraw = False
194.0629 	EXP 	text_15: autoDraw = True
195.4022 	DATA 	Keypress: equal
196.7072 	DATA 	Keypress: 1
197.0594 	EXP 	New trial (rep=0, index=13): OrderedDict([('run', 1), ('start_time', 131.58), ('type', 'veridical'), ('moviestim', 'fps_60/1592254.bmp_pp82_L2_V1_veridical_freeview_isoFalse_fps60.mp4'), ('jitters', 2.640000000000015), ('frames', None)])
197.0755 	EXP 	text_15: autoDraw = False
197.0755 	EXP 	fix3: autoDraw = True
197.4149 	DATA 	Keypress: equal
199.4022 	DATA 	Keypress: equal
200.1056 	EXP 	fix3: autoDraw = False
200.1056 	EXP 	fix3: autoDraw = False
200.1056 	EXP 	movie: autoDraw = True
201.4072 	DATA 	Keypress: equal
203.2387 	EXP 	movie: autoDraw = False
203.2387 	EXP 	text_15: autoDraw = True
203.4065 	DATA 	Keypress: equal
203.9344 	DATA 	Keypress: 1
205.4107 	DATA 	Keypress: equal
206.2238 	EXP 	New trial (rep=0, index=14): OrderedDict([('run', 1), ('start_time', 143.68), ('type', 'veridical'), ('moviestim', 'fps_60/713330.bmp_pp51_L1_V1_veridical_freeview_isoFalse_fps60.mp4'), ('jitters', 6.099999999999994), ('frames', None)])
206.2394 	EXP 	text_15: autoDraw = False
206.2394 	EXP 	text_15: autoDraw = False
206.2394 	EXP 	fix3: autoDraw = True
207.4074 	DATA 	Keypress: equal
209.4023 	DATA 	Keypress: equal
211.4050 	DATA 	Keypress: equal
212.7342 	EXP 	fix3: autoDraw = False
212.7342 	EXP 	fix3: autoDraw = False
212.7342 	EXP 	movie: autoDraw = True
213.4082 	DATA 	Keypress: equal
215.4073 	DATA 	Keypress: equal
215.8051 	EXP 	movie: autoDraw = False
215.8051 	EXP 	text_15: autoDraw = True
216.8719 	DATA 	Keypress: 1
217.4056 	DATA 	Keypress: equal
218.7909 	EXP 	New trial (rep=0, index=15): OrderedDict([('run', 1), ('start_time', 152.71), ('type', 'scrambled'), ('moviestim', 'fps_60/498155.bmp_pp99_L2_V1_scrambled_freeview_isoFalse_fps60.mp4'), ('jitters', 3.030000000000001), ('frames', None)])
218.8061 	EXP 	text_15: autoDraw = False
218.8061 	EXP 	text_15: autoDraw = False
218.8061 	EXP 	fix3: autoDraw = True
219.4041 	DATA 	Keypress: equal
221.4105 	DATA 	Keypress: equal
222.2029 	EXP 	fix3: autoDraw = False
222.2029 	EXP 	fix3: autoDraw = False
222.2029 	EXP 	movie: autoDraw = True
223.4023 	DATA 	Keypress: equal
225.3053 	EXP 	movie: autoDraw = False
225.3053 	EXP 	text_15: autoDraw = True
225.4049 	DATA 	Keypress: equal
226.1267 	DATA 	Keypress: 1
227.4051 	DATA 	Keypress: equal
228.2932 	EXP 	New trial (rep=0, index=16): OrderedDict([('run', 1), ('start_time', 162.9), ('type', 'veridical'), ('moviestim', 'fps_60/1160247.bmp_pp99_L2_V1_veridical_freeview_isoFalse_fps60.mp4'), ('jitters', 4.189999999999998), ('frames', None)])
228.3083 	EXP 	text_15: autoDraw = False
228.3083 	EXP 	text_15: autoDraw = False
228.3083 	EXP 	fix3: autoDraw = True
229.4044 	DATA 	Keypress: equal
231.4090 	DATA 	Keypress: equal
232.9035 	EXP 	fix3: autoDraw = False
232.9035 	EXP 	fix3: autoDraw = False
232.9035 	EXP 	movie: autoDraw = True
233.4081 	DATA 	Keypress: equal
235.4080 	DATA 	Keypress: equal
235.9717 	EXP 	movie: autoDraw = False
235.9717 	EXP 	text_15: autoDraw = True
237.4094 	DATA 	Keypress: equal
238.9568 	DATA 	Keypress: 1
238.9576 	EXP 	New trial (rep=0, index=17): OrderedDict([('run', 1), ('start_time', 171.48), ('type', 'veridical'), ('moviestim', 'fps_60/498155.bmp_pp99_L2_V1_veridical_freeview_isoFalse_fps60.mp4'), ('jitters', 2.579999999999984), ('frames', None)])
238.9731 	EXP 	text_15: autoDraw = False
238.9731 	EXP 	text_15: autoDraw = False
238.9731 	EXP 	fix3: autoDraw = True
239.4096 	DATA 	Keypress: equal
241.4072 	DATA 	Keypress: equal
241.9276 	EXP 	fix3: autoDraw = False
241.9276 	EXP 	fix3: autoDraw = False
241.9276 	EXP 	movie: autoDraw = True
243.4109 	DATA 	Keypress: equal
245.0236 	EXP 	movie: autoDraw = False
245.0236 	EXP 	text_15: autoDraw = True
245.4065 	DATA 	Keypress: equal
247.3016 	DATA 	Keypress: 2
247.4028 	DATA 	Keypress: equal
248.0244 	EXP 	New trial (rep=0, index=18): OrderedDict([('run', 1), ('start_time', 180.29), ('type', 'scrambled'), ('moviestim', 'fps_60/1592254.bmp_pp82_L2_V1_scrambled_freeview_isoFalse_fps60.mp4'), ('jitters', 2.8100000000000023), ('frames', None)])
248.0404 	EXP 	text_15: autoDraw = False
248.0404 	EXP 	fix3: autoDraw = True
249.4040 	DATA 	Keypress: equal
251.1949 	EXP 	fix3: autoDraw = False
251.1949 	EXP 	fix3: autoDraw = False
251.1949 	EXP 	movie: autoDraw = True
251.4063 	DATA 	Keypress: equal
253.4089 	DATA 	Keypress: equal
254.3107 	EXP 	movie: autoDraw = False
254.3107 	EXP 	text_15: autoDraw = True
255.4151 	DATA 	Keypress: equal
256.0358 	DATA 	Keypress: 1
257.3059 	EXP 	New trial (rep=0, index=19): OrderedDict([('run', 1), ('start_time', 189.35), ('type', 'scrambled'), ('moviestim', 'fps_60/1592836.bmp_pp64_L1_V1_scrambled_freeview_isoFalse_fps60.mp4'), ('jitters', 3.0600000000000023), ('frames', None)])
257.3216 	EXP 	text_15: autoDraw = False
257.3216 	EXP 	text_15: autoDraw = False
257.3216 	EXP 	fix3: autoDraw = True
257.4082 	DATA 	Keypress: equal
259.4026 	DATA 	Keypress: equal
260.7539 	EXP 	fix3: autoDraw = False
260.7539 	EXP 	fix3: autoDraw = False
260.7539 	EXP 	movie: autoDraw = True
261.4081 	DATA 	Keypress: equal
263.4064 	DATA 	Keypress: equal
263.8910 	EXP 	movie: autoDraw = False
263.8910 	EXP 	text_15: autoDraw = True
265.0285 	DATA 	Keypress: 1
265.4155 	DATA 	Keypress: equal
266.9002 	EXP 	text_15: autoDraw = False
266.9002 	EXP 	text_15: autoDraw = False
266.9002 	EXP 	fix4: autoDraw = True
267.4023 	DATA 	Keypress: equal
269.4169 	DATA 	Keypress: equal
271.4022 	DATA 	Keypress: equal
273.4024 	DATA 	Keypress: equal
275.4179 	DATA 	Keypress: equal
276.8996 	EXP 	fix4: autoDraw = False
276.8996 	EXP 	fix4: autoDraw = False
277.0401 	EXP 	window1: mouseVisible = True
