2.1543 	ERROR 	Support for the `sounddevice` audio backend is not available this session. Please install `psychopy-sounddevice` and restart the session to enable support.
76.2108 	EXP 	Created window1 = Window(allowGUI=True, allowStencil=False, autoLog=True, backendConf=UNKNOWN, backgroundFit=<method-wrapper '__getattribute__' of attributeSetter object at 0x000001D420A0EF40>, backgroundImage=<method-wrapper '__getattribute__' of attributeSetter object at 0x000001D420A0EEE0>, bitsMode=UNKNOWN, blendMode='avg', bpc=(8, 8, 8), color=array([0, 0, 0]), colorSpace='rgb', depthBits=8, fullscr=<method-wrapper '__getattribute__' of attributeSetter object at 0x000001D420A0EBE0>, gamma=None, gammaErrorPolicy='raise', lms=UNKNOWN, monitor=<psychopy.monitors.calibTools.Monitor object at 0x000001D421809700>, multiSample=False, name='window1', numSamples=2, pos=(0, 0), screen=0, size=array([1920, 1080]), stencilBits=0, stereo=False, units='height', useFBO=True, useRetina=False, viewOri=0.0, viewPos=None, viewScale=None, waitBlanking=True, winType='pyglet')
76.2110 	EXP 	window1: mouseVisible = True
76.2110 	EXP 	window1: backgroundImage = ''
76.2111 	EXP 	window1: backgroundFit = 'none'
76.2113 	EXP 	window1: mouseVisible = False
76.2113 	EXP 	window1: Attempting to measure frame rate of screen (0) ...
76.2114 	EXP 	window1: recordFrameIntervals = False
76.3766 	EXP 	window1: recordFrameIntervals = True
76.5603 	EXP 	Screen (0) actual frame rate measured at 59.96Hz
76.5604 	EXP 	window1: recordFrameIntervals = False
76.6266 	EXP 	Created fix1 = TextStim(__class__=<class 'psychopy.visual.text.TextStim'>, alignHoriz=method-wrapper(...), alignText='center', alignVert=method-wrapper(...), anchorHoriz='center', anchorVert='center', antialias=True, autoDraw=False, autoLog=True, bold=False, color=array([1., 1., 1.]), colorSpace='rgb', contrast=1.0, depth=0.0, flipHoriz=False, flipVert=False, font='Open Sans', fontFiles=[], height=0.05, italic=False, languageStyle='LTR', name='fix1', opacity=1.0, ori=0.0, pos=array([0., 0.]), rgb=UNKNOWN, text='+', units='height', win=Window(...), wrapWidth=1)
76.6290 	EXP 	Created fix3 = TextStim(__class__=<class 'psychopy.visual.text.TextStim'>, alignHoriz=method-wrapper(...), alignText='center', alignVert=method-wrapper(...), anchorHoriz='center', anchorVert='center', antialias=True, autoDraw=False, autoLog=True, bold=False, color=array([1., 1., 1.]), colorSpace='rgb', contrast=1.0, depth=0.0, flipHoriz=False, flipVert=False, font='Open Sans', fontFiles=[], height=0.05, italic=False, languageStyle='LTR', name='fix3', opacity=1.0, ori=0.0, pos=array([0., 0.]), rgb=UNKNOWN, text='+', units='height', win=Window(...), wrapWidth=1)
76.7278 	EXP 	Created text_15 = TextStim(__class__=<class 'psychopy.visual.text.TextStim'>, alignHoriz=method-wrapper(...), alignText='center', alignVert=method-wrapper(...), anchorHoriz='center', anchorVert='center', antialias=True, autoDraw=False, autoLog=True, bold=False, color=array([1., 1., 1.]), colorSpace='rgb', contrast=1.0, depth=0.0, flipHoriz=False, flipVert=False, font='Open Sans', fontFiles=[], height=0.05, italic=False, languageStyle='LTR', name='text_15', opacity=1.0, ori=0.0, pos=array([0., 0.]), rgb=UNKNOWN, text=str(...), units='height', win=Window(...), wrapWidth=1)
76.7333 	EXP 	Created fix4 = TextStim(__class__=<class 'psychopy.visual.text.TextStim'>, alignHoriz=method-wrapper(...), alignText='center', alignVert=method-wrapper(...), anchorHoriz='center', anchorVert='center', antialias=True, autoDraw=False, autoLog=True, bold=False, color=array([1., 1., 1.]), colorSpace='rgb', contrast=1.0, depth=0.0, flipHoriz=False, flipVert=False, font='Open Sans', fontFiles=[], height=0.05, italic=False, languageStyle='LTR', name='fix4', opacity=1.0, ori=0.0, pos=array([0., 0.]), rgb=UNKNOWN, text='+', units='height', win=Window(...), wrapWidth=1)
76.7375 	EXP 	movie: autoLog = True
76.7375 	EXP 	fix1: autoDraw = True
104.1270 	DATA 	Keypress: equal
104.1425 	EXP 	Imported movie_stim_4.csv as conditions, 20 conditions, 6 params
104.1431 	EXP 	Created sequence: sequential, trialTypes=20, nReps=1, seed=None
104.1437 	EXP 	New trial (rep=0, index=0): OrderedDict([('run', 4), ('start_time', 10.0), ('type', 'scrambled'), ('moviestim', 'fps_60/1591975.bmp_pp86_L2_V1_scrambled_freeview_isoFalse_fps60.mp4'), ('jitters', 10.0), ('frames', None)])
104.1465 	EXP 	fix1: autoDraw = False
104.1465 	EXP 	fix3: autoDraw = True
106.1269 	DATA 	Keypress: equal
108.1269 	DATA 	Keypress: equal
110.1270 	DATA 	Keypress: equal
112.1268 	DATA 	Keypress: equal
114.4209 	DATA 	Keypress: equal
114.4901 	EXP 	fix3: autoDraw = False
114.4901 	EXP 	fix3: autoDraw = False
114.4901 	EXP 	movie: autoDraw = True
116.1327 	DATA 	Keypress: equal
117.5630 	EXP 	movie: autoDraw = False
117.5630 	EXP 	text_15: autoDraw = True
118.1272 	DATA 	Keypress: equal
118.6438 	DATA 	Keypress: 2
120.1372 	DATA 	Keypress: equal
120.5589 	EXP 	New trial (rep=0, index=1): OrderedDict([('run', 4), ('start_time', 19.59), ('type', 'scrambled'), ('moviestim', 'fps_60/1592804.bmp_pp60_L3_V1_scrambled_freeview_isoFalse_fps60.mp4'), ('jitters', 3.59), ('frames', None)])
120.5731 	EXP 	text_15: autoDraw = False
120.5731 	EXP 	fix3: autoDraw = True
122.1311 	DATA 	Keypress: equal
124.1268 	DATA 	Keypress: equal
124.5623 	EXP 	fix3: autoDraw = False
124.5623 	EXP 	fix3: autoDraw = False
124.5623 	EXP 	movie: autoDraw = True
126.1278 	DATA 	Keypress: equal
127.6657 	EXP 	movie: autoDraw = False
127.6657 	EXP 	text_15: autoDraw = True
128.1353 	DATA 	Keypress: equal
128.8139 	DATA 	Keypress: 2
130.1334 	DATA 	Keypress: equal
130.6496 	EXP 	New trial (rep=0, index=2): OrderedDict([('run', 4), ('start_time', 28.07), ('type', 'scrambled'), ('moviestim', 'fps_60/1159318.bmp_pp93_L1_V1_scrambled_freeview_isoFalse_fps60.mp4'), ('jitters', 2.4800000000000004), ('frames', None)])
130.6656 	EXP 	text_15: autoDraw = False
130.6656 	EXP 	text_15: autoDraw = False
130.6656 	EXP 	fix3: autoDraw = True
132.1277 	DATA 	Keypress: equal
133.5313 	EXP 	fix3: autoDraw = False
133.5313 	EXP 	fix3: autoDraw = False
133.5313 	EXP 	movie: autoDraw = True
134.1279 	DATA 	Keypress: equal
136.1278 	DATA 	Keypress: equal
136.6534 	EXP 	movie: autoDraw = False
136.6534 	EXP 	text_15: autoDraw = True
138.1350 	DATA 	Keypress: equal
138.2019 	DATA 	Keypress: 2
139.6471 	EXP 	New trial (rep=0, index=3): OrderedDict([('run', 4), ('start_time', 36.17), ('type', 'veridical'), ('moviestim', 'fps_60/1159482.bmp_pp97_L3_V1_veridical_freeview_isoFalse_fps60.mp4'), ('jitters', 2.1000000000000014), ('frames', None)])
139.6622 	EXP 	text_15: autoDraw = False
139.6622 	EXP 	text_15: autoDraw = False
139.6622 	EXP 	fix3: autoDraw = True
140.1372 	DATA 	Keypress: equal
142.0989 	EXP 	fix3: autoDraw = False
142.0989 	EXP 	fix3: autoDraw = False
142.0989 	EXP 	movie: autoDraw = True
142.1296 	DATA 	Keypress: equal
144.1248 	DATA 	Keypress: equal
145.1865 	EXP 	movie: autoDraw = False
145.1865 	EXP 	text_15: autoDraw = True
146.0027 	DATA 	Keypress: 1
146.1395 	DATA 	Keypress: equal
148.1295 	DATA 	Keypress: equal
148.1796 	EXP 	New trial (rep=0, index=4): OrderedDict([('run', 4), ('start_time', 44.9), ('type', 'veridical'), ('moviestim', 'fps_60/1591975.bmp_pp86_L2_V1_veridical_freeview_isoFalse_fps60.mp4'), ('jitters', 2.729999999999997), ('frames', None)])
148.1950 	EXP 	text_15: autoDraw = False
148.1950 	EXP 	text_15: autoDraw = False
148.1950 	EXP 	fix3: autoDraw = True
150.1268 	DATA 	Keypress: equal
151.2920 	EXP 	fix3: autoDraw = False
151.2920 	EXP 	fix3: autoDraw = False
151.2920 	EXP 	movie: autoDraw = True
152.1280 	DATA 	Keypress: equal
154.1327 	DATA 	Keypress: equal
154.4149 	EXP 	movie: autoDraw = False
154.4149 	EXP 	text_15: autoDraw = True
155.1605 	DATA 	Keypress: 1
156.1268 	DATA 	Keypress: equal
157.4116 	EXP 	New trial (rep=0, index=5): OrderedDict([('run', 4), ('start_time', 53.57), ('type', 'veridical'), ('moviestim', 'fps_60/1159777.bmp_pp56_L3_V1_veridical_freeview_isoFalse_fps60.mp4'), ('jitters', 2.6700000000000017), ('frames', None)])
157.4276 	EXP 	text_15: autoDraw = False
157.4276 	EXP 	fix3: autoDraw = True
158.1287 	DATA 	Keypress: equal
160.4385 	DATA 	Keypress: equal
160.4943 	EXP 	fix3: autoDraw = False
160.4943 	EXP 	fix3: autoDraw = False
160.4943 	EXP 	movie: autoDraw = True
162.1279 	DATA 	Keypress: equal
163.5808 	EXP 	movie: autoDraw = False
163.5808 	EXP 	text_15: autoDraw = True
164.1270 	DATA 	Keypress: equal
165.0934 	DATA 	Keypress: 1
166.1283 	DATA 	Keypress: equal
166.5801 	EXP 	New trial (rep=0, index=6): OrderedDict([('run', 4), ('start_time', 64.99), ('type', 'veridical'), ('moviestim', 'fps_60/1592804.bmp_pp60_L3_V1_veridical_freeview_isoFalse_fps60.mp4'), ('jitters', 5.419999999999995), ('frames', None)])
166.5964 	EXP 	text_15: autoDraw = False
166.5964 	EXP 	fix3: autoDraw = True
168.1327 	DATA 	Keypress: equal
170.1267 	DATA 	Keypress: equal
172.3853 	DATA 	Keypress: equal
172.4371 	EXP 	fix3: autoDraw = False
172.4371 	EXP 	fix3: autoDraw = False
172.4371 	EXP 	movie: autoDraw = True
174.1298 	DATA 	Keypress: equal
175.5438 	EXP 	movie: autoDraw = False
175.5438 	EXP 	text_15: autoDraw = True
175.9767 	DATA 	Keypress: 1
176.1276 	DATA 	Keypress: equal
178.1269 	DATA 	Keypress: equal
178.5277 	EXP 	New trial (rep=0, index=7): OrderedDict([('run', 4), ('start_time', 73.26), ('type', 'scrambled'), ('moviestim', 'fps_60/1159777.bmp_pp56_L3_V1_scrambled_freeview_isoFalse_fps60.mp4'), ('jitters', 2.2700000000000102), ('frames', None)])
178.5436 	EXP 	text_15: autoDraw = False
178.5436 	EXP 	text_15: autoDraw = False
178.5436 	EXP 	fix3: autoDraw = True
180.1268 	DATA 	Keypress: equal
181.1970 	EXP 	fix3: autoDraw = False
181.1970 	EXP 	fix3: autoDraw = False
181.1970 	EXP 	movie: autoDraw = True
182.1277 	DATA 	Keypress: equal
184.1281 	DATA 	Keypress: equal
184.3011 	EXP 	movie: autoDraw = False
184.3011 	EXP 	text_15: autoDraw = True
184.8638 	DATA 	Keypress: 2
186.1268 	DATA 	Keypress: equal
187.2943 	EXP 	New trial (rep=0, index=8): OrderedDict([('run', 4), ('start_time', 82.26), ('type', 'veridical'), ('moviestim', 'fps_60/1159318.bmp_pp93_L1_V1_veridical_freeview_isoFalse_fps60.mp4'), ('jitters', 3.0), ('frames', None)])
187.3098 	EXP 	text_15: autoDraw = False
187.3098 	EXP 	text_15: autoDraw = False
187.3098 	EXP 	fix3: autoDraw = True
188.1267 	DATA 	Keypress: equal
190.1267 	DATA 	Keypress: equal
190.6883 	EXP 	fix3: autoDraw = False
190.6883 	EXP 	fix3: autoDraw = False
190.6883 	EXP 	movie: autoDraw = True
192.1287 	DATA 	Keypress: equal
193.8241 	EXP 	movie: autoDraw = False
193.8241 	EXP 	text_15: autoDraw = True
194.1397 	DATA 	Keypress: equal
194.6311 	DATA 	Keypress: 1
196.1267 	DATA 	Keypress: equal
196.8106 	EXP 	New trial (rep=0, index=9): OrderedDict([('run', 4), ('start_time', 93.48), ('type', 'scrambled'), ('moviestim', 'fps_60/1592568.bmp_pp81_L1_V1_scrambled_freeview_isoFalse_fps60.mp4'), ('jitters', 5.219999999999999), ('frames', None)])
196.8264 	EXP 	text_15: autoDraw = False
196.8264 	EXP 	text_15: autoDraw = False
196.8264 	EXP 	fix3: autoDraw = True
198.1366 	DATA 	Keypress: equal
200.1296 	DATA 	Keypress: equal
202.3874 	DATA 	Keypress: equal
202.4450 	EXP 	fix3: autoDraw = False
202.4450 	EXP 	fix3: autoDraw = False
202.4450 	EXP 	movie: autoDraw = True
204.1321 	DATA 	Keypress: equal
205.5282 	EXP 	movie: autoDraw = False
205.5282 	EXP 	text_15: autoDraw = True
206.1274 	DATA 	Keypress: equal
206.3100 	DATA 	Keypress: 1
208.1351 	DATA 	Keypress: equal
208.5214 	EXP 	New trial (rep=0, index=10): OrderedDict([('run', 4), ('start_time', 104.93), ('type', 'scrambled'), ('moviestim', 'fps_60/1159497.bmp_pp91_L3_V1_scrambled_freeview_isoFalse_fps60.mp4'), ('jitters', 5.450000000000003), ('frames', None)])
208.5373 	EXP 	text_15: autoDraw = False
208.5373 	EXP 	text_15: autoDraw = False
208.5373 	EXP 	fix3: autoDraw = True
210.1342 	DATA 	Keypress: equal
212.1389 	DATA 	Keypress: equal
214.3030 	DATA 	Keypress: equal
214.3631 	EXP 	fix3: autoDraw = False
214.3631 	EXP 	fix3: autoDraw = False
214.3631 	EXP 	movie: autoDraw = True
216.1284 	DATA 	Keypress: equal
217.4458 	EXP 	movie: autoDraw = False
217.4458 	EXP 	text_15: autoDraw = True
218.1318 	DATA 	Keypress: equal
218.1811 	DATA 	Keypress: 2
220.1358 	DATA 	Keypress: equal
220.4361 	EXP 	New trial (rep=0, index=11): OrderedDict([('run', 4), ('start_time', 115.01), ('type', 'veridical'), ('moviestim', 'fps_60/1592372.bmp_pp89_L1_V1_veridical_freeview_isoFalse_fps60.mp4'), ('jitters', 4.079999999999998), ('frames', None)])
220.4516 	EXP 	text_15: autoDraw = False
220.4516 	EXP 	text_15: autoDraw = False
220.4516 	EXP 	fix3: autoDraw = True
222.1266 	DATA 	Keypress: equal
224.1314 	DATA 	Keypress: equal
224.9352 	EXP 	fix3: autoDraw = False
224.9352 	EXP 	fix3: autoDraw = False
224.9352 	EXP 	movie: autoDraw = True
226.1277 	DATA 	Keypress: equal
228.0194 	EXP 	movie: autoDraw = False
228.0194 	EXP 	text_15: autoDraw = True
228.1358 	DATA 	Keypress: equal
229.1229 	DATA 	Keypress: 1
230.1282 	DATA 	Keypress: equal
231.0141 	EXP 	New trial (rep=0, index=12): OrderedDict([('run', 4), ('start_time', 126.17), ('type', 'veridical'), ('moviestim', 'fps_60/1592568.bmp_pp81_L1_V1_veridical_freeview_isoFalse_fps60.mp4'), ('jitters', 5.159999999999997), ('frames', None)])
231.0301 	EXP 	text_15: autoDraw = False
231.0301 	EXP 	text_15: autoDraw = False
231.0301 	EXP 	fix3: autoDraw = True
232.1326 	DATA 	Keypress: equal
234.1282 	DATA 	Keypress: equal
236.1266 	DATA 	Keypress: equal
236.5727 	EXP 	fix3: autoDraw = False
236.5727 	EXP 	fix3: autoDraw = False
236.5727 	EXP 	movie: autoDraw = True
238.1302 	DATA 	Keypress: equal
239.6623 	EXP 	movie: autoDraw = False
239.6623 	EXP 	text_15: autoDraw = True
240.1269 	DATA 	Keypress: equal
240.7268 	DATA 	Keypress: 1
242.1324 	DATA 	Keypress: equal
242.6610 	EXP 	New trial (rep=0, index=13): OrderedDict([('run', 4), ('start_time', 136.27), ('type', 'veridical'), ('moviestim', 'fps_60/1593102.bmp_pp80_L3_V1_veridical_freeview_isoFalse_fps60.mp4'), ('jitters', 4.1000000000000085), ('frames', None)])
242.6765 	EXP 	text_15: autoDraw = False
242.6765 	EXP 	fix3: autoDraw = True
244.1268 	DATA 	Keypress: equal
246.1265 	DATA 	Keypress: equal
247.2011 	EXP 	fix3: autoDraw = False
247.2011 	EXP 	fix3: autoDraw = False
247.2011 	EXP 	movie: autoDraw = True
248.1324 	DATA 	Keypress: equal
250.1317 	DATA 	Keypress: equal
250.2788 	EXP 	movie: autoDraw = False
250.2788 	EXP 	text_15: autoDraw = True
251.2938 	DATA 	Keypress: 2
252.1265 	DATA 	Keypress: equal
253.2774 	EXP 	New trial (rep=0, index=14): OrderedDict([('run', 4), ('start_time', 147.81), ('type', 'veridical'), ('moviestim', 'fps_60/1159497.bmp_pp91_L3_V1_veridical_freeview_isoFalse_fps60.mp4'), ('jitters', 5.539999999999992), ('frames', None)])
253.2934 	EXP 	text_15: autoDraw = False
253.2934 	EXP 	fix3: autoDraw = True
254.1296 	DATA 	Keypress: equal
256.1265 	DATA 	Keypress: equal
258.1290 	DATA 	Keypress: equal
259.2617 	EXP 	fix3: autoDraw = False
259.2617 	EXP 	fix3: autoDraw = False
259.2617 	EXP 	movie: autoDraw = True
260.1321 	DATA 	Keypress: equal
262.1324 	DATA 	Keypress: equal
262.3493 	EXP 	movie: autoDraw = False
262.3493 	EXP 	text_15: autoDraw = True
263.7207 	DATA 	Keypress: 2
264.1252 	DATA 	Keypress: equal
265.3392 	EXP 	New trial (rep=0, index=15): OrderedDict([('run', 4), ('start_time', 156.79), ('type', 'veridical'), ('moviestim', 'fps_60/1592727.bmp_pp69_L3_V1_veridical_freeview_isoFalse_fps60.mp4'), ('jitters', 2.9799999999999898), ('frames', None)])
265.3548 	EXP 	text_15: autoDraw = False
265.3548 	EXP 	text_15: autoDraw = False
265.3548 	EXP 	fix3: autoDraw = True
266.1360 	DATA 	Keypress: equal
268.1268 	DATA 	Keypress: equal
268.6965 	EXP 	fix3: autoDraw = False
268.6965 	EXP 	fix3: autoDraw = False
268.6965 	EXP 	movie: autoDraw = True
270.1275 	DATA 	Keypress: equal
271.8028 	EXP 	movie: autoDraw = False
271.8028 	EXP 	text_15: autoDraw = True
272.1375 	DATA 	Keypress: equal
273.1475 	DATA 	Keypress: 2
274.1378 	DATA 	Keypress: equal
274.7919 	EXP 	New trial (rep=0, index=16): OrderedDict([('run', 4), ('start_time', 164.95), ('type', 'scrambled'), ('moviestim', 'fps_60/1159482.bmp_pp97_L3_V1_scrambled_freeview_isoFalse_fps60.mp4'), ('jitters', 2.1599999999999966), ('frames', None)])
274.8075 	EXP 	text_15: autoDraw = False
274.8075 	EXP 	text_15: autoDraw = False
274.8075 	EXP 	fix3: autoDraw = True
276.1265 	DATA 	Keypress: equal
277.3596 	EXP 	fix3: autoDraw = False
277.3596 	EXP 	fix3: autoDraw = False
277.3596 	EXP 	movie: autoDraw = True
278.1300 	DATA 	Keypress: equal
280.1339 	DATA 	Keypress: equal
280.4451 	EXP 	movie: autoDraw = False
280.4451 	EXP 	text_15: autoDraw = True
281.2785 	DATA 	Keypress: 2
282.1354 	DATA 	Keypress: equal
283.4442 	EXP 	New trial (rep=0, index=17): OrderedDict([('run', 4), ('start_time', 173.04), ('type', 'scrambled'), ('moviestim', 'fps_60/1592372.bmp_pp89_L1_V1_scrambled_freeview_isoFalse_fps60.mp4'), ('jitters', 2.0900000000000034), ('frames', None)])
283.4595 	EXP 	text_15: autoDraw = False
283.4595 	EXP 	fix3: autoDraw = True
284.1331 	DATA 	Keypress: equal
285.8891 	EXP 	fix3: autoDraw = False
285.8891 	EXP 	fix3: autoDraw = False
285.8891 	EXP 	movie: autoDraw = True
286.1252 	DATA 	Keypress: equal
288.1253 	DATA 	Keypress: equal
288.9951 	EXP 	movie: autoDraw = False
288.9951 	EXP 	text_15: autoDraw = True
290.1307 	DATA 	Keypress: equal
290.3492 	DATA 	Keypress: 2
291.9939 	EXP 	New trial (rep=0, index=18): OrderedDict([('run', 4), ('start_time', 181.66), ('type', 'scrambled'), ('moviestim', 'fps_60/1593102.bmp_pp80_L3_V1_scrambled_freeview_isoFalse_fps60.mp4'), ('jitters', 2.6200000000000045), ('frames', None)])
292.0096 	EXP 	text_15: autoDraw = False
292.0096 	EXP 	fix3: autoDraw = True
292.1267 	DATA 	Keypress: equal
294.1270 	DATA 	Keypress: equal
294.9919 	EXP 	fix3: autoDraw = False
294.9919 	EXP 	fix3: autoDraw = False
294.9919 	EXP 	movie: autoDraw = True
296.1282 	DATA 	Keypress: equal
298.1147 	EXP 	movie: autoDraw = False
298.1147 	EXP 	text_15: autoDraw = True
298.1302 	DATA 	Keypress: equal
300.0677 	DATA 	Keypress: 2
300.1338 	DATA 	Keypress: equal
301.1124 	EXP 	New trial (rep=0, index=19): OrderedDict([('run', 4), ('start_time', 190.0), ('type', 'scrambled'), ('moviestim', 'fps_60/1592727.bmp_pp69_L3_V1_scrambled_freeview_isoFalse_fps60.mp4'), ('jitters', 2.3400000000000034), ('frames', None)])
301.1279 	EXP 	text_15: autoDraw = False
301.1279 	EXP 	fix3: autoDraw = True
302.1281 	DATA 	Keypress: equal
303.8036 	EXP 	fix3: autoDraw = False
303.8036 	EXP 	fix3: autoDraw = False
303.8036 	EXP 	movie: autoDraw = True
304.1341 	DATA 	Keypress: equal
306.1275 	DATA 	Keypress: equal
306.9244 	EXP 	movie: autoDraw = False
306.9244 	EXP 	text_15: autoDraw = True
307.4903 	DATA 	Keypress: 2
308.1350 	DATA 	Keypress: equal
309.9261 	EXP 	text_15: autoDraw = False
309.9261 	EXP 	text_15: autoDraw = False
309.9261 	EXP 	fix4: autoDraw = True
310.1265 	DATA 	Keypress: equal
312.1264 	DATA 	Keypress: equal
314.1265 	DATA 	Keypress: equal
316.1264 	DATA 	Keypress: equal
318.1266 	DATA 	Keypress: equal
319.9287 	EXP 	fix4: autoDraw = False
319.9287 	EXP 	fix4: autoDraw = False
320.0857 	EXP 	window1: mouseVisible = True
