2.2199 	ERROR 	Support for the `sounddevice` audio backend is not available this session. Please install `psychopy-sounddevice` and restart the session to enable support.
13.1196 	EXP 	Created window1 = Window(allowGUI=True, allowStencil=False, autoLog=True, backendConf=UNKNOWN, backgroundFit=<method-wrapper '__getattribute__' of attributeSetter object at 0x000001C89DECCFD0>, backgroundImage=<method-wrapper '__getattribute__' of attributeSetter object at 0x000001C89DECCF70>, bitsMode=UNKNOWN, blendMode='avg', bpc=(8, 8, 8), color=array([0, 0, 0]), colorSpace='rgb', depthBits=8, fullscr=<method-wrapper '__getattribute__' of attributeSetter object at 0x000001C89DECCC70>, gamma=None, gammaErrorPolicy='raise', lms=UNKNOWN, monitor=<psychopy.monitors.calibTools.Monitor object at 0x000001C89ECB97C0>, multiSample=False, name='window1', numSamples=2, pos=(0, 0), screen=0, size=array([1920, 1080]), stencilBits=0, stereo=False, units='height', useFBO=True, useRetina=False, viewOri=0.0, viewPos=None, viewScale=None, waitBlanking=True, winType='pyglet')
13.1198 	EXP 	window1: mouseVisible = True
13.1198 	EXP 	window1: backgroundImage = ''
13.1199 	EXP 	window1: backgroundFit = 'none'
13.1201 	EXP 	window1: mouseVisible = False
13.1201 	EXP 	window1: Attempting to measure frame rate of screen (0) ...
13.1201 	EXP 	window1: recordFrameIntervals = False
13.2858 	EXP 	window1: recordFrameIntervals = True
13.4708 	EXP 	Screen (0) actual frame rate measured at 59.62Hz
13.4708 	EXP 	window1: recordFrameIntervals = False
13.5421 	EXP 	Created fix1 = TextStim(__class__=<class 'psychopy.visual.text.TextStim'>, alignHoriz=method-wrapper(...), alignText='center', alignVert=method-wrapper(...), anchorHoriz='center', anchorVert='center', antialias=True, autoDraw=False, autoLog=True, bold=False, color=array([1., 1., 1.]), colorSpace='rgb', contrast=1.0, depth=0.0, flipHoriz=False, flipVert=False, font='Open Sans', fontFiles=[], height=0.05, italic=False, languageStyle='LTR', name='fix1', opacity=1.0, ori=0.0, pos=array([0., 0.]), rgb=UNKNOWN, text='+', units='height', win=Window(...), wrapWidth=1)
13.5442 	EXP 	Created fix3 = TextStim(__class__=<class 'psychopy.visual.text.TextStim'>, alignHoriz=method-wrapper(...), alignText='center', alignVert=method-wrapper(...), anchorHoriz='center', anchorVert='center', antialias=True, autoDraw=False, autoLog=True, bold=False, color=array([1., 1., 1.]), colorSpace='rgb', contrast=1.0, depth=0.0, flipHoriz=False, flipVert=False, font='Open Sans', fontFiles=[], height=0.05, italic=False, languageStyle='LTR', name='fix3', opacity=1.0, ori=0.0, pos=array([0., 0.]), rgb=UNKNOWN, text='+', units='height', win=Window(...), wrapWidth=1)
13.7064 	EXP 	Created text_15 = TextStim(__class__=<class 'psychopy.visual.text.TextStim'>, alignHoriz=method-wrapper(...), alignText='center', alignVert=method-wrapper(...), anchorHoriz='center', anchorVert='center', antialias=True, autoDraw=False, autoLog=True, bold=False, color=array([1., 1., 1.]), colorSpace='rgb', contrast=1.0, depth=0.0, flipHoriz=False, flipVert=False, font='Open Sans', fontFiles=[], height=0.05, italic=False, languageStyle='LTR', name='text_15', opacity=1.0, ori=0.0, pos=array([0., 0.]), rgb=UNKNOWN, text=str(...), units='height', win=Window(...), wrapWidth=1)
13.7084 	EXP 	Created fix4 = TextStim(__class__=<class 'psychopy.visual.text.TextStim'>, alignHoriz=method-wrapper(...), alignText='center', alignVert=method-wrapper(...), anchorHoriz='center', anchorVert='center', antialias=True, autoDraw=False, autoLog=True, bold=False, color=array([1., 1., 1.]), colorSpace='rgb', contrast=1.0, depth=0.0, flipHoriz=False, flipVert=False, font='Open Sans', fontFiles=[], height=0.05, italic=False, languageStyle='LTR', name='fix4', opacity=1.0, ori=0.0, pos=array([0., 0.]), rgb=UNKNOWN, text='+', units='height', win=Window(...), wrapWidth=1)
13.7105 	EXP 	movie: autoLog = True
13.7105 	EXP 	fix1: autoDraw = True
155.8621 	DATA 	Keypress: equal
155.8741 	EXP 	Imported movie_stim_1.csv as conditions, 20 conditions, 6 params
155.8746 	EXP 	Created sequence: sequential, trialTypes=20, nReps=1, seed=None
155.8749 	EXP 	New trial (rep=0, index=0): OrderedDict([('run', 1), ('start_time', 10.0), ('type', 'scrambled'), ('moviestim', 'fps_60/1592044.bmp_pp90_L2_V1_scrambled_freeview_isoFalse_fps60.mp4'), ('jitters', 10.0), ('frames', None)])
155.8782 	EXP 	fix1: autoDraw = False
155.8782 	EXP 	fix3: autoDraw = True
157.8620 	DATA 	Keypress: equal
159.8619 	DATA 	Keypress: equal
161.8620 	DATA 	Keypress: equal
163.8619 	DATA 	Keypress: equal
166.1983 	DATA 	Keypress: equal
166.2250 	EXP 	fix3: autoDraw = False
166.2250 	EXP 	fix3: autoDraw = False
166.2250 	EXP 	movie: autoDraw = True
167.8596 	DATA 	Keypress: equal
169.3577 	EXP 	movie: autoDraw = False
169.3577 	EXP 	text_15: autoDraw = True
169.8621 	DATA 	Keypress: equal
171.8685 	DATA 	Keypress: equal
172.0675 	DATA 	Keypress: 2
172.3515 	EXP 	New trial (rep=0, index=1): OrderedDict([('run', 1), ('start_time', 19.68), ('type', 'scrambled'), ('moviestim', 'fps_60/1592094.bmp_pp89_L1_V1_scrambled_freeview_isoFalse_fps60.mp4'), ('jitters', 3.68), ('frames', None)])
172.3676 	EXP 	text_15: autoDraw = False
172.3676 	EXP 	text_15: autoDraw = False
172.3676 	EXP 	fix3: autoDraw = True
173.8577 	DATA 	Keypress: equal
175.8668 	DATA 	Keypress: equal
176.4570 	EXP 	fix3: autoDraw = False
176.4570 	EXP 	fix3: autoDraw = False
176.4570 	EXP 	movie: autoDraw = True
177.8629 	DATA 	Keypress: equal
179.5271 	EXP 	movie: autoDraw = False
179.5271 	EXP 	text_15: autoDraw = True
179.8567 	DATA 	Keypress: equal
180.2362 	DATA 	Keypress: 1
181.8662 	DATA 	Keypress: equal
182.5172 	EXP 	New trial (rep=0, index=2): OrderedDict([('run', 1), ('start_time', 29.81), ('type', 'veridical'), ('moviestim', 'fps_60/713142.bmp_pp54_L2_V1_veridical_freeview_isoFalse_fps60.mp4'), ('jitters', 4.129999999999999), ('frames', None)])
182.5332 	EXP 	text_15: autoDraw = False
182.5332 	EXP 	text_15: autoDraw = False
182.5332 	EXP 	fix3: autoDraw = True
183.8661 	DATA 	Keypress: equal
185.8656 	DATA 	Keypress: equal
187.1136 	EXP 	fix3: autoDraw = False
187.1136 	EXP 	fix3: autoDraw = False
187.1136 	EXP 	movie: autoDraw = True
187.8637 	DATA 	Keypress: equal
189.8575 	DATA 	Keypress: equal
190.1995 	EXP 	movie: autoDraw = False
190.1995 	EXP 	text_15: autoDraw = True
190.7821 	DATA 	Keypress: 1
191.8638 	DATA 	Keypress: equal
193.1958 	EXP 	New trial (rep=0, index=3): OrderedDict([('run', 1), ('start_time', 39.08), ('type', 'veridical'), ('moviestim', 'fps_60/1159515.bmp_pp80_L3_V1_veridical_freeview_isoFalse_fps60.mp4'), ('jitters', 3.27), ('frames', None)])
193.2117 	EXP 	text_15: autoDraw = False
193.2117 	EXP 	fix3: autoDraw = True
193.8678 	DATA 	Keypress: equal
195.8649 	DATA 	Keypress: equal
196.8434 	EXP 	fix3: autoDraw = False
196.8434 	EXP 	fix3: autoDraw = False
196.8434 	EXP 	movie: autoDraw = True
197.8598 	DATA 	Keypress: equal
199.9466 	DATA 	Keypress: equal
199.9521 	EXP 	movie: autoDraw = False
199.9521 	EXP 	text_15: autoDraw = True
200.8827 	DATA 	Keypress: 2
201.8622 	DATA 	Keypress: equal
202.9471 	EXP 	New trial (rep=0, index=4): OrderedDict([('run', 1), ('start_time', 48.0), ('type', 'scrambled'), ('moviestim', 'fps_60/713142.bmp_pp54_L2_V1_scrambled_freeview_isoFalse_fps60.mp4'), ('jitters', 2.9200000000000017), ('frames', None)])
202.9630 	EXP 	text_15: autoDraw = False
202.9630 	EXP 	fix3: autoDraw = True
203.8556 	DATA 	Keypress: equal
206.2394 	DATA 	Keypress: equal
206.2595 	EXP 	fix3: autoDraw = False
206.2595 	EXP 	fix3: autoDraw = False
206.2595 	EXP 	movie: autoDraw = True
207.8579 	DATA 	Keypress: equal
209.3813 	EXP 	movie: autoDraw = False
209.3813 	EXP 	text_15: autoDraw = True
209.8669 	DATA 	Keypress: equal
211.8628 	DATA 	Keypress: equal
212.3658 	EXP 	New trial (rep=0, index=5): OrderedDict([('run', 1), ('start_time', 56.3), ('type', 'scrambled'), ('moviestim', 'fps_60/713330.bmp_pp51_L1_V1_scrambled_freeview_isoFalse_fps60.mp4'), ('jitters', 2.299999999999997), ('frames', None)])
212.3820 	EXP 	text_15: autoDraw = False
212.3820 	EXP 	text_15: autoDraw = False
212.3820 	EXP 	fix3: autoDraw = True
213.8675 	DATA 	Keypress: equal
215.0670 	EXP 	fix3: autoDraw = False
215.0670 	EXP 	fix3: autoDraw = False
215.0670 	EXP 	movie: autoDraw = True
215.8567 	DATA 	Keypress: equal
217.8603 	DATA 	Keypress: equal
218.1716 	EXP 	movie: autoDraw = False
218.1716 	EXP 	text_15: autoDraw = True
218.7371 	DATA 	Keypress: 1
219.8589 	DATA 	Keypress: equal
221.1583 	EXP 	New trial (rep=0, index=6): OrderedDict([('run', 1), ('start_time', 66.73), ('type', 'veridical'), ('moviestim', 'fps_60/1592044.bmp_pp90_L2_V1_veridical_freeview_isoFalse_fps60.mp4'), ('jitters', 4.430000000000007), ('frames', None)])
221.1742 	EXP 	text_15: autoDraw = False
221.1742 	EXP 	text_15: autoDraw = False
221.1742 	EXP 	fix3: autoDraw = True
221.8569 	DATA 	Keypress: equal
223.8567 	DATA 	Keypress: equal
225.9744 	DATA 	Keypress: equal
226.0320 	EXP 	fix3: autoDraw = False
226.0320 	EXP 	fix3: autoDraw = False
226.0320 	EXP 	movie: autoDraw = True
227.8629 	DATA 	Keypress: equal
229.1331 	EXP 	movie: autoDraw = False
229.1331 	EXP 	text_15: autoDraw = True
229.8668 	DATA 	Keypress: equal
230.2557 	DATA 	Keypress: 1
231.8704 	DATA 	Keypress: equal
232.1233 	EXP 	New trial (rep=0, index=7): OrderedDict([('run', 1), ('start_time', 75.4), ('type', 'scrambled'), ('moviestim', 'fps_60/1159515.bmp_pp80_L3_V1_scrambled_freeview_isoFalse_fps60.mp4'), ('jitters', 2.6700000000000017), ('frames', None)])
232.1382 	EXP 	text_15: autoDraw = False
232.1382 	EXP 	text_15: autoDraw = False
232.1382 	EXP 	fix3: autoDraw = True
233.8623 	DATA 	Keypress: equal
235.1749 	EXP 	fix3: autoDraw = False
235.1749 	EXP 	fix3: autoDraw = False
235.1749 	EXP 	movie: autoDraw = True
235.8605 	DATA 	Keypress: equal
237.8611 	DATA 	Keypress: equal
238.2623 	EXP 	movie: autoDraw = False
238.2623 	EXP 	text_15: autoDraw = True
239.1950 	DATA 	Keypress: 2
239.8644 	DATA 	Keypress: equal
241.2460 	EXP 	New trial (rep=0, index=8): OrderedDict([('run', 1), ('start_time', 84.36), ('type', 'scrambled'), ('moviestim', 'fps_60/1160247.bmp_pp99_L2_V1_scrambled_freeview_isoFalse_fps60.mp4'), ('jitters', 2.9599999999999937), ('frames', None)])
241.2613 	EXP 	text_15: autoDraw = False
241.2613 	EXP 	text_15: autoDraw = False
241.2613 	EXP 	fix3: autoDraw = True
241.8686 	DATA 	Keypress: equal
243.8657 	DATA 	Keypress: equal
244.6077 	EXP 	fix3: autoDraw = False
244.6077 	EXP 	fix3: autoDraw = False
244.6077 	EXP 	movie: autoDraw = True
245.8620 	DATA 	Keypress: equal
247.6958 	EXP 	movie: autoDraw = False
247.6958 	EXP 	text_15: autoDraw = True
247.8617 	DATA 	Keypress: equal
248.2298 	DATA 	Keypress: 2
249.8619 	DATA 	Keypress: equal
250.6791 	EXP 	New trial (rep=0, index=9): OrderedDict([('run', 1), ('start_time', 93.97), ('type', 'veridical'), ('moviestim', 'fps_60/713807.bmp_pp152_L2_V1_veridical_freeview_isoFalse_fps60.mp4'), ('jitters', 3.61), ('frames', None)])
250.6946 	EXP 	text_15: autoDraw = False
250.6946 	EXP 	text_15: autoDraw = False
250.6946 	EXP 	fix3: autoDraw = True
251.8617 	DATA 	Keypress: equal
253.8616 	DATA 	Keypress: equal
254.7423 	EXP 	fix3: autoDraw = False
254.7423 	EXP 	fix3: autoDraw = False
254.7423 	EXP 	movie: autoDraw = True
255.8626 	DATA 	Keypress: equal
257.8263 	EXP 	movie: autoDraw = False
257.8263 	EXP 	text_15: autoDraw = True
257.8588 	DATA 	Keypress: equal
258.2229 	DATA 	Keypress: 1
259.8569 	DATA 	Keypress: equal
260.8233 	EXP 	New trial (rep=0, index=10): OrderedDict([('run', 1), ('start_time', 103.09), ('type', 'veridical'), ('moviestim', 'fps_60/1592094.bmp_pp89_L1_V1_veridical_freeview_isoFalse_fps60.mp4'), ('jitters', 3.1200000000000045), ('frames', None)])
260.8393 	EXP 	text_15: autoDraw = False
260.8393 	EXP 	fix3: autoDraw = True
261.8617 	DATA 	Keypress: equal
263.8620 	DATA 	Keypress: equal
264.3074 	EXP 	fix3: autoDraw = False
264.3074 	EXP 	fix3: autoDraw = False
264.3074 	EXP 	movie: autoDraw = True
265.8598 	DATA 	Keypress: equal
267.3961 	EXP 	movie: autoDraw = False
267.3961 	EXP 	text_15: autoDraw = True
267.8618 	DATA 	Keypress: equal
268.0309 	DATA 	Keypress: 2
269.8670 	DATA 	Keypress: equal
270.3959 	EXP 	New trial (rep=0, index=11): OrderedDict([('run', 1), ('start_time', 112.07), ('type', 'scrambled'), ('moviestim', 'fps_60/713807.bmp_pp152_L2_V1_scrambled_freeview_isoFalse_fps60.mp4'), ('jitters', 2.9799999999999898), ('frames', None)])
270.4116 	EXP 	text_15: autoDraw = False
270.4116 	EXP 	fix3: autoDraw = True
271.8617 	DATA 	Keypress: equal
273.7421 	EXP 	fix3: autoDraw = False
273.7421 	EXP 	fix3: autoDraw = False
273.7421 	EXP 	movie: autoDraw = True
273.8569 	DATA 	Keypress: equal
275.8576 	DATA 	Keypress: equal
276.8666 	EXP 	movie: autoDraw = False
276.8666 	EXP 	text_15: autoDraw = True
277.2965 	DATA 	Keypress: 2
277.8627 	DATA 	Keypress: equal
279.8619 	DATA 	Keypress: equal
279.8628 	EXP 	New trial (rep=0, index=12): OrderedDict([('run', 1), ('start_time', 122.94), ('type', 'veridical'), ('moviestim', 'fps_60/1592836.bmp_pp64_L1_V1_veridical_freeview_isoFalse_fps60.mp4'), ('jitters', 4.8700000000000045), ('frames', None)])
279.8780 	EXP 	text_15: autoDraw = False
279.8780 	EXP 	text_15: autoDraw = False
279.8780 	EXP 	fix3: autoDraw = True
281.8618 	DATA 	Keypress: equal
283.8617 	DATA 	Keypress: equal
285.1662 	EXP 	fix3: autoDraw = False
285.1662 	EXP 	fix3: autoDraw = False
285.1662 	EXP 	movie: autoDraw = True
285.8628 	DATA 	Keypress: equal
287.8573 	DATA 	Keypress: equal
288.2707 	EXP 	movie: autoDraw = False
288.2707 	EXP 	text_15: autoDraw = True
288.8128 	DATA 	Keypress: 2
289.8616 	DATA 	Keypress: equal
291.2621 	EXP 	New trial (rep=0, index=13): OrderedDict([('run', 1), ('start_time', 131.58), ('type', 'veridical'), ('moviestim', 'fps_60/1592254.bmp_pp82_L2_V1_veridical_freeview_isoFalse_fps60.mp4'), ('jitters', 2.640000000000015), ('frames', None)])
291.2778 	EXP 	text_15: autoDraw = False
291.2778 	EXP 	text_15: autoDraw = False
291.2778 	EXP 	fix3: autoDraw = True
291.8618 	DATA 	Keypress: equal
293.8616 	DATA 	Keypress: equal
294.3603 	EXP 	fix3: autoDraw = False
294.3603 	EXP 	fix3: autoDraw = False
294.3603 	EXP 	movie: autoDraw = True
295.8577 	DATA 	Keypress: equal
297.4604 	EXP 	movie: autoDraw = False
297.4604 	EXP 	text_15: autoDraw = True
297.8341 	DATA 	Keypress: 1
297.8666 	DATA 	Keypress: equal
299.8696 	DATA 	Keypress: equal
300.4484 	EXP 	New trial (rep=0, index=14): OrderedDict([('run', 1), ('start_time', 143.68), ('type', 'veridical'), ('moviestim', 'fps_60/713330.bmp_pp51_L1_V1_veridical_freeview_isoFalse_fps60.mp4'), ('jitters', 6.099999999999994), ('frames', None)])
300.4643 	EXP 	text_15: autoDraw = False
300.4643 	EXP 	text_15: autoDraw = False
300.4643 	EXP 	fix3: autoDraw = True
301.8671 	DATA 	Keypress: equal
303.8684 	DATA 	Keypress: equal
305.8632 	DATA 	Keypress: equal
307.0008 	EXP 	fix3: autoDraw = False
307.0008 	EXP 	fix3: autoDraw = False
307.0008 	EXP 	movie: autoDraw = True
307.8625 	DATA 	Keypress: equal
309.8632 	DATA 	Keypress: equal
310.0556 	EXP 	movie: autoDraw = False
310.0556 	EXP 	text_15: autoDraw = True
310.5352 	DATA 	Keypress: 1
311.8618 	DATA 	Keypress: equal
313.0493 	EXP 	New trial (rep=0, index=15): OrderedDict([('run', 1), ('start_time', 152.71), ('type', 'scrambled'), ('moviestim', 'fps_60/498155.bmp_pp99_L2_V1_scrambled_freeview_isoFalse_fps60.mp4'), ('jitters', 3.030000000000001), ('frames', None)])
313.0654 	EXP 	text_15: autoDraw = False
313.0654 	EXP 	text_15: autoDraw = False
313.0654 	EXP 	fix3: autoDraw = True
313.8625 	DATA 	Keypress: equal
315.8620 	DATA 	Keypress: equal
316.4866 	EXP 	fix3: autoDraw = False
316.4866 	EXP 	fix3: autoDraw = False
316.4866 	EXP 	movie: autoDraw = True
317.8627 	DATA 	Keypress: equal
319.5936 	EXP 	movie: autoDraw = False
319.5936 	EXP 	text_15: autoDraw = True
319.8618 	DATA 	Keypress: equal
319.9963 	DATA 	Keypress: 2
321.8658 	DATA 	Keypress: equal
322.5854 	EXP 	New trial (rep=0, index=16): OrderedDict([('run', 1), ('start_time', 162.9), ('type', 'veridical'), ('moviestim', 'fps_60/1160247.bmp_pp99_L2_V1_veridical_freeview_isoFalse_fps60.mp4'), ('jitters', 4.189999999999998), ('frames', None)])
322.6022 	EXP 	text_15: autoDraw = False
322.6022 	EXP 	text_15: autoDraw = False
322.6022 	EXP 	fix3: autoDraw = True
323.8574 	DATA 	Keypress: equal
325.8603 	DATA 	Keypress: equal
327.2197 	EXP 	fix3: autoDraw = False
327.2197 	EXP 	fix3: autoDraw = False
327.2197 	EXP 	movie: autoDraw = True
327.8628 	DATA 	Keypress: equal
329.8662 	DATA 	Keypress: equal
330.2742 	EXP 	movie: autoDraw = False
330.2742 	EXP 	text_15: autoDraw = True
330.9355 	DATA 	Keypress: 1
331.8694 	DATA 	Keypress: equal
333.2703 	EXP 	New trial (rep=0, index=17): OrderedDict([('run', 1), ('start_time', 171.48), ('type', 'veridical'), ('moviestim', 'fps_60/498155.bmp_pp99_L2_V1_veridical_freeview_isoFalse_fps60.mp4'), ('jitters', 2.579999999999984), ('frames', None)])
333.2854 	EXP 	text_15: autoDraw = False
333.2854 	EXP 	fix3: autoDraw = True
333.8684 	DATA 	Keypress: equal
336.1966 	DATA 	Keypress: equal
336.2172 	EXP 	fix3: autoDraw = False
336.2172 	EXP 	fix3: autoDraw = False
336.2172 	EXP 	movie: autoDraw = True
337.8632 	DATA 	Keypress: equal
339.3050 	EXP 	movie: autoDraw = False
339.3050 	EXP 	text_15: autoDraw = True
339.8583 	DATA 	Keypress: equal
341.6950 	DATA 	Keypress: 1
341.8615 	DATA 	Keypress: equal
342.2984 	EXP 	New trial (rep=0, index=18): OrderedDict([('run', 1), ('start_time', 180.29), ('type', 'scrambled'), ('moviestim', 'fps_60/1592254.bmp_pp82_L2_V1_scrambled_freeview_isoFalse_fps60.mp4'), ('jitters', 2.8100000000000023), ('frames', None)])
342.3140 	EXP 	text_15: autoDraw = False
342.3140 	EXP 	text_15: autoDraw = False
342.3140 	EXP 	fix3: autoDraw = True
343.8686 	DATA 	Keypress: equal
345.4552 	EXP 	fix3: autoDraw = False
345.4552 	EXP 	fix3: autoDraw = False
345.4552 	EXP 	movie: autoDraw = True
345.8559 	DATA 	Keypress: equal
347.8625 	DATA 	Keypress: equal
348.5931 	EXP 	movie: autoDraw = False
348.5931 	EXP 	text_15: autoDraw = True
349.7813 	DATA 	Keypress: 1
349.8669 	DATA 	Keypress: equal
351.5893 	EXP 	New trial (rep=0, index=19): OrderedDict([('run', 1), ('start_time', 189.35), ('type', 'scrambled'), ('moviestim', 'fps_60/1592836.bmp_pp64_L1_V1_scrambled_freeview_isoFalse_fps60.mp4'), ('jitters', 3.0600000000000023), ('frames', None)])
351.6056 	EXP 	text_15: autoDraw = False
351.6056 	EXP 	fix3: autoDraw = True
351.8553 	DATA 	Keypress: equal
353.8555 	DATA 	Keypress: equal
355.0362 	EXP 	fix3: autoDraw = False
355.0362 	EXP 	fix3: autoDraw = False
355.0362 	EXP 	movie: autoDraw = True
355.8576 	DATA 	Keypress: equal
357.8624 	DATA 	Keypress: equal
358.1768 	EXP 	movie: autoDraw = False
358.1768 	EXP 	text_15: autoDraw = True
358.6421 	DATA 	Keypress: 2
359.8636 	DATA 	Keypress: equal
361.1924 	EXP 	text_15: autoDraw = False
361.1924 	EXP 	fix4: autoDraw = True
361.8553 	DATA 	Keypress: equal
363.8569 	DATA 	Keypress: equal
365.8621 	DATA 	Keypress: equal
367.8557 	DATA 	Keypress: equal
369.8616 	DATA 	Keypress: equal
371.2005 	EXP 	fix4: autoDraw = False
371.3574 	EXP 	window1: mouseVisible = True
