2.1052 	ERROR 	Support for the `sounddevice` audio backend is not available this session. Please install `psychopy-sounddevice` and restart the session to enable support.
20.7799 	EXP 	Created window1 = Window(allowGUI=True, allowStencil=False, autoLog=True, backendConf=UNKNOWN, backgroundFit=<method-wrapper '__getattribute__' of attributeSetter object at 0x00000245CEFFFF40>, backgroundImage=<method-wrapper '__getattribute__' of attributeSetter object at 0x00000245CEFFFEE0>, bitsMode=UNKNOWN, blendMode='avg', bpc=(8, 8, 8), color=array([0, 0, 0]), colorSpace='rgb', depthBits=8, fullscr=<method-wrapper '__getattribute__' of attributeSetter object at 0x00000245CEFFFBE0>, gamma=None, gammaErrorPolicy='raise', lms=UNKNOWN, monitor=<psychopy.monitors.calibTools.Monitor object at 0x00000245D0DBD6D0>, multiSample=False, name='window1', numSamples=2, pos=(0, 0), screen=0, size=array([1920, 1080]), stencilBits=0, stereo=False, units='height', useFBO=True, useRetina=False, viewOri=0.0, viewPos=None, viewScale=None, waitBlanking=True, winType='pyglet')
20.7800 	EXP 	window1: mouseVisible = True
20.7800 	EXP 	window1: backgroundImage = ''
20.7800 	EXP 	window1: backgroundFit = 'none'
20.7801 	EXP 	window1: mouseVisible = False
20.7801 	EXP 	window1: Attempting to measure frame rate of screen (0) ...
20.7801 	EXP 	window1: recordFrameIntervals = False
20.9461 	EXP 	window1: recordFrameIntervals = True
21.1290 	EXP 	Screen (0) actual frame rate measured at 60.09Hz
21.1290 	EXP 	window1: recordFrameIntervals = False
21.1605 	EXP 	Created fix1 = TextStim(__class__=<class 'psychopy.visual.text.TextStim'>, alignHoriz=method-wrapper(...), alignText='center', alignVert=method-wrapper(...), anchorHoriz='center', anchorVert='center', antialias=True, autoDraw=False, autoLog=True, bold=False, color=array([1., 1., 1.]), colorSpace='rgb', contrast=1.0, depth=0.0, flipHoriz=False, flipVert=False, font='Open Sans', fontFiles=[], height=0.05, italic=False, languageStyle='LTR', name='fix1', opacity=1.0, ori=0.0, pos=array([0., 0.]), rgb=UNKNOWN, text='+', units='height', win=Window(...), wrapWidth=1)
21.1625 	EXP 	Created fix3 = TextStim(__class__=<class 'psychopy.visual.text.TextStim'>, alignHoriz=method-wrapper(...), alignText='center', alignVert=method-wrapper(...), anchorHoriz='center', anchorVert='center', antialias=True, autoDraw=False, autoLog=True, bold=False, color=array([1., 1., 1.]), colorSpace='rgb', contrast=1.0, depth=0.0, flipHoriz=False, flipVert=False, font='Open Sans', fontFiles=[], height=0.05, italic=False, languageStyle='LTR', name='fix3', opacity=1.0, ori=0.0, pos=array([0., 0.]), rgb=UNKNOWN, text='+', units='height', win=Window(...), wrapWidth=1)
21.2189 	EXP 	Created text_15 = TextStim(__class__=<class 'psychopy.visual.text.TextStim'>, alignHoriz=method-wrapper(...), alignText='center', alignVert=method-wrapper(...), anchorHoriz='center', anchorVert='center', antialias=True, autoDraw=False, autoLog=True, bold=False, color=array([1., 1., 1.]), colorSpace='rgb', contrast=1.0, depth=0.0, flipHoriz=False, flipVert=False, font='Open Sans', fontFiles=[], height=0.05, italic=False, languageStyle='LTR', name='text_15', opacity=1.0, ori=0.0, pos=array([0., 0.]), rgb=UNKNOWN, text=str(...), units='height', win=Window(...), wrapWidth=1)
21.2208 	EXP 	Created fix4 = TextStim(__class__=<class 'psychopy.visual.text.TextStim'>, alignHoriz=method-wrapper(...), alignText='center', alignVert=method-wrapper(...), anchorHoriz='center', anchorVert='center', antialias=True, autoDraw=False, autoLog=True, bold=False, color=array([1., 1., 1.]), colorSpace='rgb', contrast=1.0, depth=0.0, flipHoriz=False, flipVert=False, font='Open Sans', fontFiles=[], height=0.05, italic=False, languageStyle='LTR', name='fix4', opacity=1.0, ori=0.0, pos=array([0., 0.]), rgb=UNKNOWN, text='+', units='height', win=Window(...), wrapWidth=1)
21.2231 	EXP 	movie: autoLog = True
21.2231 	EXP 	fix1: autoDraw = True
44.5127 	DATA 	Keypress: equal
44.5182 	EXP 	Imported movie_stim_2.csv as conditions, 20 conditions, 6 params
44.5185 	EXP 	Created sequence: sequential, trialTypes=20, nReps=1, seed=None
44.5188 	EXP 	New trial (rep=0, index=0): OrderedDict([('run', 2), ('start_time', 10.0), ('type', 'scrambled'), ('moviestim', 'fps_60/150296.bmp_pp97_L3_V1_scrambled_freeview_isoFalse_fps60.mp4'), ('jitters', 10.0), ('frames', None)])
44.5294 	EXP 	fix1: autoDraw = False
44.5294 	EXP 	fix3: autoDraw = True
46.5129 	DATA 	Keypress: equal
48.5129 	DATA 	Keypress: equal
50.5128 	DATA 	Keypress: equal
52.5129 	DATA 	Keypress: equal
54.6609 	DATA 	Keypress: equal
54.6976 	EXP 	fix3: autoDraw = False
54.6976 	EXP 	fix3: autoDraw = False
54.6976 	EXP 	movie: autoDraw = True
56.5136 	DATA 	Keypress: equal
57.8179 	EXP 	movie: autoDraw = False
57.8179 	EXP 	text_15: autoDraw = True
57.9626 	DATA 	Keypress: 2
58.5129 	DATA 	Keypress: equal
60.5129 	DATA 	Keypress: equal
60.8129 	EXP 	New trial (rep=0, index=1): OrderedDict([('run', 2), ('start_time', 18.86), ('type', 'veridical'), ('moviestim', 'fps_60/713519.bmp_pp84_L3_V1_veridical_freeview_isoFalse_fps60.mp4'), ('jitters', 2.8599999999999994), ('frames', None)])
60.8293 	EXP 	text_15: autoDraw = False
60.8293 	EXP 	text_15: autoDraw = False
60.8293 	EXP 	fix3: autoDraw = True
62.5128 	DATA 	Keypress: equal
63.9441 	EXP 	fix3: autoDraw = False
63.9441 	EXP 	fix3: autoDraw = False
63.9441 	EXP 	movie: autoDraw = True
64.5135 	DATA 	Keypress: equal
66.5138 	DATA 	Keypress: equal
67.0563 	EXP 	movie: autoDraw = False
67.0563 	EXP 	text_15: autoDraw = True
67.4794 	DATA 	Keypress: 2
68.5126 	DATA 	Keypress: equal
70.0461 	EXP 	New trial (rep=0, index=2): OrderedDict([('run', 2), ('start_time', 27.91), ('type', 'scrambled'), ('moviestim', 'fps_60/1159819.bmp_pp63_L1_V1_scrambled_freeview_isoFalse_fps60.mp4'), ('jitters', 3.0500000000000007), ('frames', None)])
70.0625 	EXP 	text_15: autoDraw = False
70.0625 	EXP 	text_15: autoDraw = False
70.0625 	EXP 	fix3: autoDraw = True
70.5127 	DATA 	Keypress: equal
72.5129 	DATA 	Keypress: equal
73.3868 	EXP 	fix3: autoDraw = False
73.3868 	EXP 	fix3: autoDraw = False
73.3868 	EXP 	movie: autoDraw = True
74.5138 	DATA 	Keypress: equal
76.4994 	EXP 	movie: autoDraw = False
76.4994 	EXP 	text_15: autoDraw = True
76.5130 	DATA 	Keypress: equal
77.0960 	DATA 	Keypress: 1
78.5130 	DATA 	Keypress: equal
79.4962 	EXP 	New trial (rep=0, index=3): OrderedDict([('run', 2), ('start_time', 37.06), ('type', 'veridical'), ('moviestim', 'fps_60/498396.bmp_pp152_L2_V1_veridical_freeview_isoFalse_fps60.mp4'), ('jitters', 3.150000000000002), ('frames', None)])
79.5124 	EXP 	text_15: autoDraw = False
79.5124 	EXP 	fix3: autoDraw = True
80.5128 	DATA 	Keypress: equal
82.5129 	DATA 	Keypress: equal
82.8993 	EXP 	fix3: autoDraw = False
82.8993 	EXP 	fix3: autoDraw = False
82.8993 	EXP 	movie: autoDraw = True
84.5136 	DATA 	Keypress: equal
85.0846 	DATA 	Keypress: 1
86.0117 	EXP 	movie: autoDraw = False
86.0117 	EXP 	text_15: autoDraw = True
86.5128 	DATA 	Keypress: equal
88.5127 	DATA 	Keypress: equal
88.9961 	EXP 	New trial (rep=0, index=4): OrderedDict([('run', 2), ('start_time', 45.1), ('type', 'scrambled'), ('moviestim', 'fps_60/713707.bmp_pp63_L1_V1_scrambled_freeview_isoFalse_fps60.mp4'), ('jitters', 2.039999999999999), ('frames', None)])
89.0126 	EXP 	text_15: autoDraw = False
89.0126 	EXP 	text_15: autoDraw = False
89.0126 	EXP 	fix3: autoDraw = True
90.5126 	DATA 	Keypress: equal
91.3315 	EXP 	fix3: autoDraw = False
91.3315 	EXP 	fix3: autoDraw = False
91.3315 	EXP 	movie: autoDraw = True
92.5139 	DATA 	Keypress: equal
94.4444 	EXP 	movie: autoDraw = False
94.4444 	EXP 	text_15: autoDraw = True
94.5127 	DATA 	Keypress: equal
95.5795 	DATA 	Keypress: 2
96.5128 	DATA 	Keypress: equal
97.4295 	EXP 	New trial (rep=0, index=5): OrderedDict([('run', 2), ('start_time', 54.79), ('type', 'veridical'), ('moviestim', 'fps_60/150296.bmp_pp97_L3_V1_veridical_freeview_isoFalse_fps60.mp4'), ('jitters', 3.6899999999999977), ('frames', None)])
97.4460 	EXP 	text_15: autoDraw = False
97.4460 	EXP 	text_15: autoDraw = False
97.4460 	EXP 	fix3: autoDraw = True
98.5128 	DATA 	Keypress: equal
100.5129 	DATA 	Keypress: equal
101.4350 	EXP 	fix3: autoDraw = False
101.4350 	EXP 	fix3: autoDraw = False
101.4350 	EXP 	movie: autoDraw = True
102.5140 	DATA 	Keypress: equal
104.5562 	DATA 	Keypress: equal
104.5598 	EXP 	movie: autoDraw = False
104.5598 	EXP 	text_15: autoDraw = True
105.2291 	DATA 	Keypress: 1
106.5126 	DATA 	Keypress: equal
107.5463 	EXP 	New trial (rep=0, index=6): OrderedDict([('run', 2), ('start_time', 70.63), ('type', 'veridical'), ('moviestim', 'fps_60/285992.bmp_pp98_L1_V1_veridical_freeview_isoFalse_fps60.mp4'), ('jitters', 9.839999999999996), ('frames', None)])
107.5625 	EXP 	text_15: autoDraw = False
107.5625 	EXP 	text_15: autoDraw = False
107.5625 	EXP 	fix3: autoDraw = True
108.5126 	DATA 	Keypress: equal
110.5125 	DATA 	Keypress: equal
112.5127 	DATA 	Keypress: equal
114.5126 	DATA 	Keypress: equal
116.5126 	DATA 	Keypress: equal
117.6859 	EXP 	fix3: autoDraw = False
117.6859 	EXP 	fix3: autoDraw = False
117.6859 	EXP 	movie: autoDraw = True
118.5137 	DATA 	Keypress: equal
120.5136 	DATA 	Keypress: equal
120.7772 	EXP 	movie: autoDraw = False
120.7772 	EXP 	text_15: autoDraw = True
121.5961 	DATA 	Keypress: 1
122.5127 	DATA 	Keypress: equal
123.7628 	EXP 	New trial (rep=0, index=7): OrderedDict([('run', 2), ('start_time', 80.7), ('type', 'scrambled'), ('moviestim', 'fps_60/1159508.bmp_pp151_L1_V1_scrambled_freeview_isoFalse_fps60.mp4'), ('jitters', 4.070000000000007), ('frames', None)])
123.7792 	EXP 	text_15: autoDraw = False
123.7792 	EXP 	text_15: autoDraw = False
123.7792 	EXP 	fix3: autoDraw = True
124.5127 	DATA 	Keypress: equal
126.5128 	DATA 	Keypress: equal
128.1378 	EXP 	fix3: autoDraw = False
128.1378 	EXP 	fix3: autoDraw = False
128.1378 	EXP 	movie: autoDraw = True
128.5013 	DATA 	Keypress: equal
130.5137 	DATA 	Keypress: equal
131.2621 	EXP 	movie: autoDraw = False
131.2621 	EXP 	text_15: autoDraw = True
131.3461 	DATA 	Keypress: 2
132.5126 	DATA 	Keypress: equal
134.2461 	EXP 	New trial (rep=0, index=8): OrderedDict([('run', 2), ('start_time', 89.59), ('type', 'scrambled'), ('moviestim', 'fps_60/713519.bmp_pp84_L3_V1_scrambled_freeview_isoFalse_fps60.mp4'), ('jitters', 2.890000000000001), ('frames', None)])
134.2624 	EXP 	text_15: autoDraw = False
134.2624 	EXP 	text_15: autoDraw = False
134.2624 	EXP 	fix3: autoDraw = True
134.5127 	DATA 	Keypress: equal
136.5126 	DATA 	Keypress: equal
137.4133 	EXP 	fix3: autoDraw = False
137.4133 	EXP 	fix3: autoDraw = False
137.4133 	EXP 	movie: autoDraw = True
138.5138 	DATA 	Keypress: equal
140.5227 	DATA 	Keypress: equal
140.5263 	EXP 	movie: autoDraw = False
140.5263 	EXP 	text_15: autoDraw = True
141.1126 	DATA 	Keypress: 2
142.5127 	DATA 	Keypress: equal
143.5128 	EXP 	New trial (rep=0, index=9): OrderedDict([('run', 2), ('start_time', 98.25), ('type', 'veridical'), ('moviestim', 'fps_60/713707.bmp_pp63_L1_V1_veridical_freeview_isoFalse_fps60.mp4'), ('jitters', 2.6599999999999966), ('frames', None)])
143.5293 	EXP 	text_15: autoDraw = False
143.5293 	EXP 	text_15: autoDraw = False
143.5293 	EXP 	fix3: autoDraw = True
144.5127 	DATA 	Keypress: equal
146.4547 	EXP 	fix3: autoDraw = False
146.4547 	EXP 	fix3: autoDraw = False
146.4547 	EXP 	movie: autoDraw = True
146.5136 	DATA 	Keypress: equal
148.5134 	DATA 	Keypress: equal
149.5664 	EXP 	movie: autoDraw = False
149.5664 	EXP 	text_15: autoDraw = True
150.5128 	DATA 	Keypress: equal
151.2457 	DATA 	Keypress: 1
152.5126 	DATA 	Keypress: equal
152.5630 	EXP 	New trial (rep=0, index=10): OrderedDict([('run', 2), ('start_time', 108.09), ('type', 'scrambled'), ('moviestim', 'fps_60/1592137.bmp_pp58_L1_V1_scrambled_freeview_isoFalse_fps60.mp4'), ('jitters', 3.8400000000000034), ('frames', None)])
152.5794 	EXP 	text_15: autoDraw = False
152.5794 	EXP 	text_15: autoDraw = False
152.5794 	EXP 	fix3: autoDraw = True
154.5126 	DATA 	Keypress: equal
156.6692 	DATA 	Keypress: equal
156.7014 	EXP 	fix3: autoDraw = False
156.7014 	EXP 	fix3: autoDraw = False
156.7014 	EXP 	movie: autoDraw = True
158.5136 	DATA 	Keypress: equal
159.8093 	EXP 	movie: autoDraw = False
159.8093 	EXP 	text_15: autoDraw = True
160.5126 	DATA 	Keypress: equal
160.9290 	DATA 	Keypress: 2
162.5127 	DATA 	Keypress: equal
162.7958 	EXP 	New trial (rep=0, index=11): OrderedDict([('run', 2), ('start_time', 118.18), ('type', 'veridical'), ('moviestim', 'fps_60/1160140.bmp_pp151_L1_V1_veridical_freeview_isoFalse_fps60.mp4'), ('jitters', 4.090000000000003), ('frames', None)])
162.8123 	EXP 	text_15: autoDraw = False
162.8123 	EXP 	text_15: autoDraw = False
162.8123 	EXP 	fix3: autoDraw = True
164.5127 	DATA 	Keypress: equal
166.5125 	DATA 	Keypress: equal
167.1877 	EXP 	fix3: autoDraw = False
167.1877 	EXP 	fix3: autoDraw = False
167.1877 	EXP 	movie: autoDraw = True
168.5137 	DATA 	Keypress: equal
170.3111 	EXP 	movie: autoDraw = False
170.3111 	EXP 	text_15: autoDraw = True
170.5126 	DATA 	Keypress: equal
172.5125 	DATA 	Keypress: equal
172.5460 	DATA 	Keypress: 2
173.2960 	EXP 	New trial (rep=0, index=12): OrderedDict([('run', 2), ('start_time', 127.51), ('type', 'veridical'), ('moviestim', 'fps_60/1592137.bmp_pp58_L1_V1_veridical_freeview_isoFalse_fps60.mp4'), ('jitters', 3.3299999999999983), ('frames', None)])
173.3126 	EXP 	text_15: autoDraw = False
173.3126 	EXP 	text_15: autoDraw = False
173.3126 	EXP 	fix3: autoDraw = True
174.5126 	DATA 	Keypress: equal
176.5125 	DATA 	Keypress: equal
176.9082 	EXP 	fix3: autoDraw = False
176.9082 	EXP 	fix3: autoDraw = False
176.9082 	EXP 	movie: autoDraw = True
178.5014 	DATA 	Keypress: equal
180.0201 	EXP 	movie: autoDraw = False
180.0201 	EXP 	text_15: autoDraw = True
180.5126 	DATA 	Keypress: equal
180.9626 	DATA 	Keypress: 2
182.5126 	DATA 	Keypress: equal
183.0127 	EXP 	New trial (rep=0, index=13): OrderedDict([('run', 2), ('start_time', 135.58), ('type', 'scrambled'), ('moviestim', 'fps_60/1160171.bmp_pp97_L3_V1_scrambled_freeview_isoFalse_fps60.mp4'), ('jitters', 2.0700000000000074), ('frames', None)])
183.0290 	EXP 	text_15: autoDraw = False
183.0290 	EXP 	text_15: autoDraw = False
183.0290 	EXP 	fix3: autoDraw = True
184.5127 	DATA 	Keypress: equal
185.3510 	EXP 	fix3: autoDraw = False
185.3510 	EXP 	fix3: autoDraw = False
185.3510 	EXP 	movie: autoDraw = True
186.5136 	DATA 	Keypress: equal
188.4794 	EXP 	movie: autoDraw = False
188.4794 	EXP 	text_15: autoDraw = True
188.5124 	DATA 	Keypress: equal
189.0457 	DATA 	Keypress: 1
190.5126 	DATA 	Keypress: equal
191.4628 	EXP 	New trial (rep=0, index=14): OrderedDict([('run', 2), ('start_time', 144.7), ('type', 'veridical'), ('moviestim', 'fps_60/1159819.bmp_pp63_L1_V1_veridical_freeview_isoFalse_fps60.mp4'), ('jitters', 3.119999999999976), ('frames', None)])
191.4789 	EXP 	text_15: autoDraw = False
191.4789 	EXP 	text_15: autoDraw = False
191.4789 	EXP 	fix3: autoDraw = True
192.5126 	DATA 	Keypress: equal
194.5126 	DATA 	Keypress: equal
194.8624 	EXP 	fix3: autoDraw = False
194.8624 	EXP 	fix3: autoDraw = False
194.8624 	EXP 	movie: autoDraw = True
196.5136 	DATA 	Keypress: equal
197.9753 	EXP 	movie: autoDraw = False
197.9753 	EXP 	text_15: autoDraw = True
198.5128 	DATA 	Keypress: equal
198.8788 	DATA 	Keypress: 1
200.5126 	DATA 	Keypress: equal
200.9627 	EXP 	New trial (rep=0, index=15): OrderedDict([('run', 2), ('start_time', 154.49), ('type', 'veridical'), ('moviestim', 'fps_60/1160171.bmp_pp97_L3_V1_veridical_freeview_isoFalse_fps60.mp4'), ('jitters', 3.790000000000021), ('frames', None)])
200.9789 	EXP 	text_15: autoDraw = False
200.9789 	EXP 	text_15: autoDraw = False
200.9789 	EXP 	fix3: autoDraw = True
202.5127 	DATA 	Keypress: equal
204.5126 	DATA 	Keypress: equal
205.0673 	EXP 	fix3: autoDraw = False
205.0673 	EXP 	fix3: autoDraw = False
205.0673 	EXP 	movie: autoDraw = True
206.5136 	DATA 	Keypress: equal
208.1751 	EXP 	movie: autoDraw = False
208.1751 	EXP 	text_15: autoDraw = True
208.5125 	DATA 	Keypress: equal
209.0624 	DATA 	Keypress: 1
210.5126 	DATA 	Keypress: equal
211.1628 	EXP 	New trial (rep=0, index=16): OrderedDict([('run', 2), ('start_time', 162.95), ('type', 'scrambled'), ('moviestim', 'fps_60/285992.bmp_pp98_L1_V1_scrambled_freeview_isoFalse_fps60.mp4'), ('jitters', 2.4599999999999795), ('frames', None)])
211.1789 	EXP 	text_15: autoDraw = False
211.1789 	EXP 	text_15: autoDraw = False
211.1789 	EXP 	fix3: autoDraw = True
212.5123 	DATA 	Keypress: equal
213.9121 	EXP 	fix3: autoDraw = False
213.9121 	EXP 	fix3: autoDraw = False
213.9121 	EXP 	movie: autoDraw = True
214.5137 	DATA 	Keypress: equal
216.5136 	DATA 	Keypress: equal
217.0245 	EXP 	movie: autoDraw = False
217.0245 	EXP 	text_15: autoDraw = True
218.4792 	DATA 	Keypress: 1
218.5127 	DATA 	Keypress: equal
220.0126 	EXP 	New trial (rep=0, index=17): OrderedDict([('run', 2), ('start_time', 173.16), ('type', 'scrambled'), ('moviestim', 'fps_60/1160140.bmp_pp151_L1_V1_scrambled_freeview_isoFalse_fps60.mp4'), ('jitters', 4.210000000000008), ('frames', None)])
220.0286 	EXP 	text_15: autoDraw = False
220.0286 	EXP 	text_15: autoDraw = False
220.0286 	EXP 	fix3: autoDraw = True
220.5123 	DATA 	Keypress: equal
222.5126 	DATA 	Keypress: equal
224.5077 	EXP 	fix3: autoDraw = False
224.5077 	EXP 	fix3: autoDraw = False
224.5077 	EXP 	movie: autoDraw = True
224.5079 	DATA 	Keypress: equal
226.5134 	DATA 	Keypress: equal
227.6314 	EXP 	movie: autoDraw = False
227.6314 	EXP 	text_15: autoDraw = True
228.5125 	DATA 	Keypress: equal
228.9128 	DATA 	Keypress: 2
230.5123 	DATA 	Keypress: equal
230.6293 	EXP 	New trial (rep=0, index=18): OrderedDict([('run', 2), ('start_time', 183.78), ('type', 'veridical'), ('moviestim', 'fps_60/1159508.bmp_pp151_L1_V1_veridical_freeview_isoFalse_fps60.mp4'), ('jitters', 4.6200000000000045), ('frames', None)])
230.6455 	EXP 	text_15: autoDraw = False
230.6455 	EXP 	fix3: autoDraw = True
232.5125 	DATA 	Keypress: equal
234.5125 	DATA 	Keypress: equal
235.5325 	EXP 	fix3: autoDraw = False
235.5325 	EXP 	fix3: autoDraw = False
235.5325 	EXP 	movie: autoDraw = True
236.5137 	DATA 	Keypress: equal
238.5134 	DATA 	Keypress: equal
238.6546 	DATA 	Keypress: 2
238.6584 	EXP 	movie: autoDraw = False
238.6584 	EXP 	text_15: autoDraw = True
240.5127 	DATA 	Keypress: equal
241.6459 	EXP 	New trial (rep=0, index=19): OrderedDict([('run', 2), ('start_time', 191.81), ('type', 'scrambled'), ('moviestim', 'fps_60/498396.bmp_pp152_L2_V1_scrambled_freeview_isoFalse_fps60.mp4'), ('jitters', 2.030000000000001), ('frames', None)])
241.6624 	EXP 	text_15: autoDraw = False
241.6624 	EXP 	text_15: autoDraw = False
241.6624 	EXP 	fix3: autoDraw = True
242.5125 	DATA 	Keypress: equal
243.9493 	EXP 	fix3: autoDraw = False
243.9493 	EXP 	fix3: autoDraw = False
243.9493 	EXP 	movie: autoDraw = True
244.5134 	DATA 	Keypress: equal
246.5134 	DATA 	Keypress: equal
247.0623 	EXP 	movie: autoDraw = False
247.0623 	EXP 	text_15: autoDraw = True
248.3626 	DATA 	Keypress: 2
248.5127 	DATA 	Keypress: equal
250.0622 	EXP 	text_15: autoDraw = False
250.0622 	EXP 	text_15: autoDraw = False
250.0622 	EXP 	fix4: autoDraw = True
250.5128 	DATA 	Keypress: equal
252.5124 	DATA 	Keypress: equal
254.5124 	DATA 	Keypress: equal
256.5125 	DATA 	Keypress: equal
258.5125 	DATA 	Keypress: equal
260.0618 	EXP 	fix4: autoDraw = False
260.0618 	EXP 	fix4: autoDraw = False
260.1425 	EXP 	window1: mouseVisible = True
