2.0984 	ERROR 	Support for the `sounddevice` audio backend is not available this session. Please install `psychopy-sounddevice` and restart the session to enable support.
16.3445 	EXP 	Created window1 = Window(allowGUI=True, allowStencil=False, autoLog=True, backendConf=UNKNOWN, backgroundFit=<method-wrapper '__getattribute__' of attributeSetter object at 0x00000264EC0AADF0>, backgroundImage=<method-wrapper '__getattribute__' of attributeSetter object at 0x00000264EC0AAD90>, bitsMode=UNKNOWN, blendMode='avg', bpc=(8, 8, 8), color=array([0, 0, 0]), colorSpace='rgb', depthBits=8, fullscr=<method-wrapper '__getattribute__' of attributeSetter object at 0x00000264EC0AAA90>, gamma=None, gammaErrorPolicy='raise', lms=UNKNOWN, monitor=<psychopy.monitors.calibTools.Monitor object at 0x00000264ECE985B0>, multiSample=False, name='window1', numSamples=2, pos=(0, 0), screen=0, size=array([1920, 1080]), stencilBits=0, stereo=False, units='height', useFBO=True, useRetina=False, viewOri=0.0, viewPos=None, viewScale=None, waitBlanking=True, winType='pyglet')
16.3447 	EXP 	window1: mouseVisible = True
16.3447 	EXP 	window1: backgroundImage = ''
16.3447 	EXP 	window1: backgroundFit = 'none'
16.3450 	EXP 	window1: mouseVisible = False
16.3450 	EXP 	window1: Attempting to measure frame rate of screen (0) ...
16.3450 	EXP 	window1: recordFrameIntervals = False
16.5104 	EXP 	window1: recordFrameIntervals = True
16.6940 	EXP 	Screen (0) actual frame rate measured at 60.01Hz
16.6941 	EXP 	window1: recordFrameIntervals = False
16.7653 	EXP 	Created fix1 = TextStim(__class__=<class 'psychopy.visual.text.TextStim'>, alignHoriz=method-wrapper(...), alignText='center', alignVert=method-wrapper(...), anchorHoriz='center', anchorVert='center', antialias=True, autoDraw=False, autoLog=True, bold=False, color=array([1., 1., 1.]), colorSpace='rgb', contrast=1.0, depth=0.0, flipHoriz=False, flipVert=False, font='Open Sans', fontFiles=[], height=0.05, italic=False, languageStyle='LTR', name='fix1', opacity=1.0, ori=0.0, pos=array([0., 0.]), rgb=UNKNOWN, text='+', units='height', win=Window(...), wrapWidth=1)
16.7714 	EXP 	Created fix3 = TextStim(__class__=<class 'psychopy.visual.text.TextStim'>, alignHoriz=method-wrapper(...), alignText='center', alignVert=method-wrapper(...), anchorHoriz='center', anchorVert='center', antialias=True, autoDraw=False, autoLog=True, bold=False, color=array([1., 1., 1.]), colorSpace='rgb', contrast=1.0, depth=0.0, flipHoriz=False, flipVert=False, font='Open Sans', fontFiles=[], height=0.05, italic=False, languageStyle='LTR', name='fix3', opacity=1.0, ori=0.0, pos=array([0., 0.]), rgb=UNKNOWN, text='+', units='height', win=Window(...), wrapWidth=1)
16.8679 	EXP 	Created text_15 = TextStim(__class__=<class 'psychopy.visual.text.TextStim'>, alignHoriz=method-wrapper(...), alignText='center', alignVert=method-wrapper(...), anchorHoriz='center', anchorVert='center', antialias=True, autoDraw=False, autoLog=True, bold=False, color=array([1., 1., 1.]), colorSpace='rgb', contrast=1.0, depth=0.0, flipHoriz=False, flipVert=False, font='Open Sans', fontFiles=[], height=0.05, italic=False, languageStyle='LTR', name='text_15', opacity=1.0, ori=0.0, pos=array([0., 0.]), rgb=UNKNOWN, text=str(...), units='height', win=Window(...), wrapWidth=1)
16.8737 	EXP 	Created fix4 = TextStim(__class__=<class 'psychopy.visual.text.TextStim'>, alignHoriz=method-wrapper(...), alignText='center', alignVert=method-wrapper(...), anchorHoriz='center', anchorVert='center', antialias=True, autoDraw=False, autoLog=True, bold=False, color=array([1., 1., 1.]), colorSpace='rgb', contrast=1.0, depth=0.0, flipHoriz=False, flipVert=False, font='Open Sans', fontFiles=[], height=0.05, italic=False, languageStyle='LTR', name='fix4', opacity=1.0, ori=0.0, pos=array([0., 0.]), rgb=UNKNOWN, text='+', units='height', win=Window(...), wrapWidth=1)
16.8776 	EXP 	movie: autoLog = True
16.8776 	EXP 	fix1: autoDraw = True
41.8607 	DATA 	Keypress: equal
41.8774 	EXP 	Imported movie_stim_2.csv as conditions, 20 conditions, 6 params
41.8784 	EXP 	Created sequence: sequential, trialTypes=20, nReps=1, seed=None
41.8791 	EXP 	New trial (rep=0, index=0): OrderedDict([('run', 2), ('start_time', 10.0), ('type', 'scrambled'), ('moviestim', 'fps_60/150296.bmp_pp97_L3_V1_scrambled_freeview_isoFalse_fps60.mp4'), ('jitters', 10.0), ('frames', None)])
41.8828 	EXP 	fix1: autoDraw = False
41.8828 	EXP 	fix3: autoDraw = True
43.8606 	DATA 	Keypress: equal
45.8607 	DATA 	Keypress: equal
47.8607 	DATA 	Keypress: equal
49.8607 	DATA 	Keypress: equal
52.1938 	DATA 	Keypress: equal
52.2441 	EXP 	fix3: autoDraw = False
52.2441 	EXP 	fix3: autoDraw = False
52.2441 	EXP 	movie: autoDraw = True
53.8519 	DATA 	Keypress: equal
55.3521 	EXP 	movie: autoDraw = False
55.3521 	EXP 	text_15: autoDraw = True
55.8497 	DATA 	Keypress: equal
56.0189 	DATA 	Keypress: 1
57.8524 	DATA 	Keypress: equal
58.3417 	EXP 	New trial (rep=0, index=1): OrderedDict([('run', 2), ('start_time', 18.86), ('type', 'veridical'), ('moviestim', 'fps_60/713519.bmp_pp84_L3_V1_veridical_freeview_isoFalse_fps60.mp4'), ('jitters', 2.8599999999999994), ('frames', None)])
58.3571 	EXP 	text_15: autoDraw = False
58.3571 	EXP 	text_15: autoDraw = False
58.3571 	EXP 	fix3: autoDraw = True
59.8606 	DATA 	Keypress: equal
61.5811 	EXP 	fix3: autoDraw = False
61.5811 	EXP 	fix3: autoDraw = False
61.5811 	EXP 	movie: autoDraw = True
61.8525 	DATA 	Keypress: equal
63.8518 	DATA 	Keypress: equal
64.6897 	EXP 	movie: autoDraw = False
64.6897 	EXP 	text_15: autoDraw = True
65.6197 	DATA 	Keypress: 1
65.8562 	DATA 	Keypress: equal
67.6758 	EXP 	New trial (rep=0, index=2): OrderedDict([('run', 2), ('start_time', 27.91), ('type', 'scrambled'), ('moviestim', 'fps_60/1159819.bmp_pp63_L1_V1_scrambled_freeview_isoFalse_fps60.mp4'), ('jitters', 3.0500000000000007), ('frames', None)])
67.6913 	EXP 	text_15: autoDraw = False
67.6913 	EXP 	text_15: autoDraw = False
67.6913 	EXP 	fix3: autoDraw = True
67.8572 	DATA 	Keypress: equal
69.8605 	DATA 	Keypress: equal
71.1051 	EXP 	fix3: autoDraw = False
71.1051 	EXP 	fix3: autoDraw = False
71.1051 	EXP 	movie: autoDraw = True
71.8485 	DATA 	Keypress: equal
73.8535 	DATA 	Keypress: equal
74.2122 	EXP 	movie: autoDraw = False
74.2122 	EXP 	text_15: autoDraw = True
75.8610 	DATA 	Keypress: equal
76.3894 	DATA 	Keypress: 1
77.1976 	EXP 	New trial (rep=0, index=3): OrderedDict([('run', 2), ('start_time', 37.06), ('type', 'veridical'), ('moviestim', 'fps_60/498396.bmp_pp152_L2_V1_veridical_freeview_isoFalse_fps60.mp4'), ('jitters', 3.150000000000002), ('frames', None)])
77.2126 	EXP 	text_15: autoDraw = False
77.2126 	EXP 	text_15: autoDraw = False
77.2126 	EXP 	fix3: autoDraw = True
77.8522 	DATA 	Keypress: equal
79.8607 	DATA 	Keypress: equal
80.7242 	EXP 	fix3: autoDraw = False
80.7242 	EXP 	fix3: autoDraw = False
80.7242 	EXP 	movie: autoDraw = True
81.8534 	DATA 	Keypress: equal
83.8308 	EXP 	movie: autoDraw = False
83.8308 	EXP 	text_15: autoDraw = True
83.8490 	DATA 	Keypress: equal
84.2791 	DATA 	Keypress: 1
85.8545 	DATA 	Keypress: equal
86.8247 	EXP 	New trial (rep=0, index=4): OrderedDict([('run', 2), ('start_time', 45.1), ('type', 'scrambled'), ('moviestim', 'fps_60/713707.bmp_pp63_L1_V1_scrambled_freeview_isoFalse_fps60.mp4'), ('jitters', 2.039999999999999), ('frames', None)])
86.8406 	EXP 	text_15: autoDraw = False
86.8406 	EXP 	text_15: autoDraw = False
86.8406 	EXP 	fix3: autoDraw = True
87.8606 	DATA 	Keypress: equal
89.2543 	EXP 	fix3: autoDraw = False
89.2543 	EXP 	fix3: autoDraw = False
89.2543 	EXP 	movie: autoDraw = True
89.8534 	DATA 	Keypress: equal
91.8542 	DATA 	Keypress: equal
92.3589 	EXP 	movie: autoDraw = False
92.3589 	EXP 	text_15: autoDraw = True
93.8543 	DATA 	Keypress: equal
93.9562 	DATA 	Keypress: 2
95.3553 	EXP 	New trial (rep=0, index=5): OrderedDict([('run', 2), ('start_time', 54.79), ('type', 'veridical'), ('moviestim', 'fps_60/150296.bmp_pp97_L3_V1_veridical_freeview_isoFalse_fps60.mp4'), ('jitters', 3.6899999999999977), ('frames', None)])
95.3711 	EXP 	text_15: autoDraw = False
95.3711 	EXP 	fix3: autoDraw = True
95.8564 	DATA 	Keypress: equal
97.8484 	DATA 	Keypress: equal
99.4310 	EXP 	fix3: autoDraw = False
99.4310 	EXP 	fix3: autoDraw = False
99.4310 	EXP 	movie: autoDraw = True
99.8519 	DATA 	Keypress: equal
101.8517 	DATA 	Keypress: equal
102.5397 	EXP 	movie: autoDraw = False
102.5397 	EXP 	text_15: autoDraw = True
103.1442 	DATA 	Keypress: 1
103.8514 	DATA 	Keypress: equal
105.5322 	EXP 	New trial (rep=0, index=6): OrderedDict([('run', 2), ('start_time', 70.63), ('type', 'veridical'), ('moviestim', 'fps_60/285992.bmp_pp98_L1_V1_veridical_freeview_isoFalse_fps60.mp4'), ('jitters', 9.839999999999996), ('frames', None)])
105.5481 	EXP 	text_15: autoDraw = False
105.5481 	EXP 	text_15: autoDraw = False
105.5481 	EXP 	fix3: autoDraw = True
105.8486 	DATA 	Keypress: equal
107.8486 	DATA 	Keypress: equal
109.8614 	DATA 	Keypress: equal
111.8617 	DATA 	Keypress: equal
113.8605 	DATA 	Keypress: equal
115.8316 	EXP 	fix3: autoDraw = False
115.8316 	EXP 	fix3: autoDraw = False
115.8316 	EXP 	movie: autoDraw = True
115.8492 	DATA 	Keypress: equal
117.8507 	DATA 	Keypress: equal
118.9005 	EXP 	movie: autoDraw = False
118.9005 	EXP 	text_15: autoDraw = True
119.5983 	DATA 	Keypress: 1
119.8492 	DATA 	Keypress: equal
121.8486 	DATA 	Keypress: equal
121.8981 	EXP 	New trial (rep=0, index=7): OrderedDict([('run', 2), ('start_time', 80.7), ('type', 'scrambled'), ('moviestim', 'fps_60/1159508.bmp_pp151_L1_V1_scrambled_freeview_isoFalse_fps60.mp4'), ('jitters', 4.070000000000007), ('frames', None)])
121.9142 	EXP 	text_15: autoDraw = False
121.9142 	EXP 	fix3: autoDraw = True
123.8495 	DATA 	Keypress: equal
125.8497 	DATA 	Keypress: equal
126.4004 	EXP 	fix3: autoDraw = False
126.4004 	EXP 	fix3: autoDraw = False
126.4004 	EXP 	movie: autoDraw = True
127.8515 	DATA 	Keypress: equal
129.5069 	EXP 	movie: autoDraw = False
129.5069 	EXP 	text_15: autoDraw = True
129.8569 	DATA 	Keypress: equal
130.9138 	DATA 	Keypress: 2
131.8541 	DATA 	Keypress: equal
132.5011 	EXP 	New trial (rep=0, index=8): OrderedDict([('run', 2), ('start_time', 89.59), ('type', 'scrambled'), ('moviestim', 'fps_60/713519.bmp_pp84_L3_V1_scrambled_freeview_isoFalse_fps60.mp4'), ('jitters', 2.890000000000001), ('frames', None)])
132.5170 	EXP 	text_15: autoDraw = False
132.5170 	EXP 	text_15: autoDraw = False
132.5170 	EXP 	fix3: autoDraw = True
133.8615 	DATA 	Keypress: equal
135.8160 	EXP 	fix3: autoDraw = False
135.8160 	EXP 	fix3: autoDraw = False
135.8160 	EXP 	movie: autoDraw = True
135.8529 	DATA 	Keypress: equal
137.8614 	DATA 	Keypress: equal
138.9023 	EXP 	movie: autoDraw = False
138.9023 	EXP 	text_15: autoDraw = True
139.8552 	DATA 	Keypress: equal
141.8605 	DATA 	Keypress: equal
141.8942 	EXP 	New trial (rep=0, index=9): OrderedDict([('run', 2), ('start_time', 98.25), ('type', 'veridical'), ('moviestim', 'fps_60/713707.bmp_pp63_L1_V1_veridical_freeview_isoFalse_fps60.mp4'), ('jitters', 2.6599999999999966), ('frames', None)])
141.9099 	EXP 	text_15: autoDraw = False
141.9099 	EXP 	text_15: autoDraw = False
141.9099 	EXP 	fix3: autoDraw = True
143.8620 	DATA 	Keypress: equal
144.9388 	EXP 	fix3: autoDraw = False
144.9388 	EXP 	fix3: autoDraw = False
144.9388 	EXP 	movie: autoDraw = True
145.8580 	DATA 	Keypress: equal
147.8514 	DATA 	Keypress: equal
148.0433 	EXP 	movie: autoDraw = False
148.0433 	EXP 	text_15: autoDraw = True
149.0467 	DATA 	Keypress: 2
149.8497 	DATA 	Keypress: equal
151.0281 	EXP 	New trial (rep=0, index=10): OrderedDict([('run', 2), ('start_time', 108.09), ('type', 'scrambled'), ('moviestim', 'fps_60/1592137.bmp_pp58_L1_V1_scrambled_freeview_isoFalse_fps60.mp4'), ('jitters', 3.8400000000000034), ('frames', None)])
151.0434 	EXP 	text_15: autoDraw = False
151.0434 	EXP 	text_15: autoDraw = False
151.0434 	EXP 	fix3: autoDraw = True
151.8612 	DATA 	Keypress: equal
153.8488 	DATA 	Keypress: equal
155.3079 	EXP 	fix3: autoDraw = False
155.3079 	EXP 	fix3: autoDraw = False
155.3079 	EXP 	movie: autoDraw = True
155.8522 	DATA 	Keypress: equal
157.8520 	DATA 	Keypress: equal
158.3920 	EXP 	movie: autoDraw = False
158.3920 	EXP 	text_15: autoDraw = True
159.1563 	DATA 	Keypress: 1
159.8605 	DATA 	Keypress: equal
161.3777 	EXP 	New trial (rep=0, index=11): OrderedDict([('run', 2), ('start_time', 118.18), ('type', 'veridical'), ('moviestim', 'fps_60/1160140.bmp_pp151_L1_V1_veridical_freeview_isoFalse_fps60.mp4'), ('jitters', 4.090000000000003), ('frames', None)])
161.3936 	EXP 	text_15: autoDraw = False
161.3936 	EXP 	text_15: autoDraw = False
161.3936 	EXP 	fix3: autoDraw = True
161.8621 	DATA 	Keypress: equal
163.8610 	DATA 	Keypress: equal
165.8652 	DATA 	Keypress: equal
165.9238 	EXP 	fix3: autoDraw = False
165.9238 	EXP 	fix3: autoDraw = False
165.9238 	EXP 	movie: autoDraw = True
167.8513 	DATA 	Keypress: equal
169.0235 	EXP 	movie: autoDraw = False
169.0235 	EXP 	text_15: autoDraw = True
169.8604 	DATA 	Keypress: equal
170.0774 	DATA 	Keypress: 1
171.8606 	DATA 	Keypress: equal
172.0115 	EXP 	New trial (rep=0, index=12): OrderedDict([('run', 2), ('start_time', 127.51), ('type', 'veridical'), ('moviestim', 'fps_60/1592137.bmp_pp58_L1_V1_veridical_freeview_isoFalse_fps60.mp4'), ('jitters', 3.3299999999999983), ('frames', None)])
172.0271 	EXP 	text_15: autoDraw = False
172.0271 	EXP 	text_15: autoDraw = False
172.0271 	EXP 	fix3: autoDraw = True
173.8604 	DATA 	Keypress: equal
175.7742 	EXP 	fix3: autoDraw = False
175.7742 	EXP 	fix3: autoDraw = False
175.7742 	EXP 	movie: autoDraw = True
175.8524 	DATA 	Keypress: equal
177.8497 	DATA 	Keypress: equal
178.8909 	EXP 	movie: autoDraw = False
178.8909 	EXP 	text_15: autoDraw = True
179.3869 	DATA 	Keypress: 1
179.8552 	DATA 	Keypress: equal
181.8485 	DATA 	Keypress: equal
181.8841 	EXP 	New trial (rep=0, index=13): OrderedDict([('run', 2), ('start_time', 135.58), ('type', 'scrambled'), ('moviestim', 'fps_60/1160171.bmp_pp97_L3_V1_scrambled_freeview_isoFalse_fps60.mp4'), ('jitters', 2.0700000000000074), ('frames', None)])
181.8990 	EXP 	text_15: autoDraw = False
181.8990 	EXP 	text_15: autoDraw = False
181.8990 	EXP 	fix3: autoDraw = True
183.8617 	DATA 	Keypress: equal
184.2984 	EXP 	fix3: autoDraw = False
184.2984 	EXP 	fix3: autoDraw = False
184.2984 	EXP 	movie: autoDraw = True
185.8520 	DATA 	Keypress: equal
187.4031 	EXP 	movie: autoDraw = False
187.4031 	EXP 	text_15: autoDraw = True
187.8496 	DATA 	Keypress: equal
189.8589 	DATA 	Keypress: equal
190.3898 	EXP 	New trial (rep=0, index=14): OrderedDict([('run', 2), ('start_time', 144.7), ('type', 'veridical'), ('moviestim', 'fps_60/1159819.bmp_pp63_L1_V1_veridical_freeview_isoFalse_fps60.mp4'), ('jitters', 3.119999999999976), ('frames', None)])
190.4057 	EXP 	text_15: autoDraw = False
190.4057 	EXP 	text_15: autoDraw = False
190.4057 	EXP 	fix3: autoDraw = True
191.8554 	DATA 	Keypress: equal
193.8985 	DATA 	Keypress: equal
193.9165 	EXP 	fix3: autoDraw = False
193.9165 	EXP 	fix3: autoDraw = False
193.9165 	EXP 	movie: autoDraw = True
195.8515 	DATA 	Keypress: equal
197.0245 	EXP 	movie: autoDraw = False
197.0245 	EXP 	text_15: autoDraw = True
197.5731 	DATA 	Keypress: 1
197.8576 	DATA 	Keypress: equal
199.8533 	DATA 	Keypress: equal
200.0201 	EXP 	New trial (rep=0, index=15): OrderedDict([('run', 2), ('start_time', 154.49), ('type', 'veridical'), ('moviestim', 'fps_60/1160171.bmp_pp97_L3_V1_veridical_freeview_isoFalse_fps60.mp4'), ('jitters', 3.790000000000021), ('frames', None)])
200.0353 	EXP 	text_15: autoDraw = False
200.0353 	EXP 	fix3: autoDraw = True
201.8606 	DATA 	Keypress: equal
204.2099 	DATA 	Keypress: equal
204.2675 	EXP 	fix3: autoDraw = False
204.2675 	EXP 	fix3: autoDraw = False
204.2675 	EXP 	movie: autoDraw = True
205.8509 	DATA 	Keypress: equal
207.3331 	EXP 	movie: autoDraw = False
207.3331 	EXP 	text_15: autoDraw = True
207.8588 	DATA 	Keypress: equal
208.0248 	DATA 	Keypress: 1
209.8501 	DATA 	Keypress: equal
210.3209 	EXP 	New trial (rep=0, index=16): OrderedDict([('run', 2), ('start_time', 162.95), ('type', 'scrambled'), ('moviestim', 'fps_60/285992.bmp_pp98_L1_V1_scrambled_freeview_isoFalse_fps60.mp4'), ('jitters', 2.4599999999999795), ('frames', None)])
210.3367 	EXP 	text_15: autoDraw = False
210.3367 	EXP 	text_15: autoDraw = False
210.3367 	EXP 	fix3: autoDraw = True
211.8486 	DATA 	Keypress: equal
213.1528 	EXP 	fix3: autoDraw = False
213.1528 	EXP 	fix3: autoDraw = False
213.1528 	EXP 	movie: autoDraw = True
213.8538 	DATA 	Keypress: equal
215.8487 	DATA 	Keypress: equal
216.2599 	EXP 	movie: autoDraw = False
216.2599 	EXP 	text_15: autoDraw = True
216.9685 	DATA 	Keypress: 1
217.8500 	DATA 	Keypress: equal
219.2471 	EXP 	New trial (rep=0, index=17): OrderedDict([('run', 2), ('start_time', 173.16), ('type', 'scrambled'), ('moviestim', 'fps_60/1160140.bmp_pp151_L1_V1_scrambled_freeview_isoFalse_fps60.mp4'), ('jitters', 4.210000000000008), ('frames', None)])
219.2625 	EXP 	text_15: autoDraw = False
219.2625 	EXP 	text_15: autoDraw = False
219.2625 	EXP 	fix3: autoDraw = True
219.8485 	DATA 	Keypress: equal
221.8575 	DATA 	Keypress: equal
223.8739 	EXP 	fix3: autoDraw = False
223.8739 	EXP 	fix3: autoDraw = False
223.8739 	EXP 	movie: autoDraw = True
223.8743 	DATA 	Keypress: equal
225.8506 	DATA 	Keypress: equal
226.9564 	EXP 	movie: autoDraw = False
226.9564 	EXP 	text_15: autoDraw = True
227.7787 	DATA 	Keypress: 2
227.8604 	DATA 	Keypress: equal
229.8603 	DATA 	Keypress: equal
229.9441 	EXP 	New trial (rep=0, index=18): OrderedDict([('run', 2), ('start_time', 183.78), ('type', 'veridical'), ('moviestim', 'fps_60/1159508.bmp_pp151_L1_V1_veridical_freeview_isoFalse_fps60.mp4'), ('jitters', 4.6200000000000045), ('frames', None)])
229.9597 	EXP 	text_15: autoDraw = False
229.9597 	EXP 	text_15: autoDraw = False
229.9597 	EXP 	fix3: autoDraw = True
231.8619 	DATA 	Keypress: equal
233.8505 	DATA 	Keypress: equal
234.9668 	EXP 	fix3: autoDraw = False
234.9668 	EXP 	fix3: autoDraw = False
234.9668 	EXP 	movie: autoDraw = True
235.8513 	DATA 	Keypress: equal
237.8473 	DATA 	Keypress: equal
238.0536 	EXP 	movie: autoDraw = False
238.0536 	EXP 	text_15: autoDraw = True
239.5140 	DATA 	Keypress: 1
239.8475 	DATA 	Keypress: equal
241.0440 	EXP 	New trial (rep=0, index=19): OrderedDict([('run', 2), ('start_time', 191.81), ('type', 'scrambled'), ('moviestim', 'fps_60/498396.bmp_pp152_L2_V1_scrambled_freeview_isoFalse_fps60.mp4'), ('jitters', 2.030000000000001), ('frames', None)])
241.0598 	EXP 	text_15: autoDraw = False
241.0598 	EXP 	text_15: autoDraw = False
241.0598 	EXP 	fix3: autoDraw = True
241.8602 	DATA 	Keypress: equal
243.4012 	EXP 	fix3: autoDraw = False
243.4012 	EXP 	fix3: autoDraw = False
243.4012 	EXP 	movie: autoDraw = True
243.8498 	DATA 	Keypress: equal
245.8502 	DATA 	Keypress: equal
246.5067 	EXP 	movie: autoDraw = False
246.5067 	EXP 	text_15: autoDraw = True
247.3299 	DATA 	Keypress: 2
247.8605 	DATA 	Keypress: equal
249.5097 	EXP 	text_15: autoDraw = False
249.5097 	EXP 	text_15: autoDraw = False
249.5097 	EXP 	fix4: autoDraw = True
249.8604 	DATA 	Keypress: equal
251.8603 	DATA 	Keypress: equal
253.8603 	DATA 	Keypress: equal
255.8602 	DATA 	Keypress: equal
257.8601 	DATA 	Keypress: equal
259.5097 	EXP 	fix4: autoDraw = False
259.5097 	EXP 	fix4: autoDraw = False
259.6546 	EXP 	window1: mouseVisible = True
