2.0278 	ERROR 	Support for the `sounddevice` audio backend is not available this session. Please install `psychopy-sounddevice` and restart the session to enable support.
311.2363 	EXP 	Created window1 = Window(allowGUI=True, allowStencil=False, autoLog=True, backendConf=UNKNOWN, backgroundFit=<method-wrapper '__getattribute__' of attributeSetter object at 0x0000023B63E6D070>, backgroundImage=<method-wrapper '__getattribute__' of attributeSetter object at 0x0000023B63E5C580>, bitsMode=UNKNOWN, blendMode='avg', bpc=(8, 8, 8), color=array([0, 0, 0]), colorSpace='rgb', depthBits=8, fullscr=<method-wrapper '__getattribute__' of attributeSetter object at 0x0000023B63E5CD30>, gamma=None, gammaErrorPolicy='raise', lms=UNKNOWN, monitor=<psychopy.monitors.calibTools.Monitor object at 0x0000023B64C5C880>, multiSample=False, name='window1', numSamples=2, pos=(0, 0), screen=0, size=array([1920, 1080]), stencilBits=0, stereo=False, units='height', useFBO=True, useRetina=False, viewOri=0.0, viewPos=None, viewScale=None, waitBlanking=True, winType='pyglet')
311.2364 	EXP 	window1: mouseVisible = True
311.2365 	EXP 	window1: backgroundImage = ''
311.2365 	EXP 	window1: backgroundFit = 'none'
311.2367 	EXP 	window1: mouseVisible = False
311.2367 	EXP 	window1: Attempting to measure frame rate of screen (0) ...
311.2368 	EXP 	window1: recordFrameIntervals = False
311.4024 	EXP 	window1: recordFrameIntervals = True
311.5858 	EXP 	Screen (0) actual frame rate measured at 59.96Hz
311.5859 	EXP 	window1: recordFrameIntervals = False
311.6591 	EXP 	Created fix1 = TextStim(__class__=<class 'psychopy.visual.text.TextStim'>, alignHoriz=method-wrapper(...), alignText='center', alignVert=method-wrapper(...), anchorHoriz='center', anchorVert='center', antialias=True, autoDraw=False, autoLog=True, bold=False, color=array([1., 1., 1.]), colorSpace='rgb', contrast=1.0, depth=0.0, flipHoriz=False, flipVert=False, font='Open Sans', fontFiles=[], height=0.05, italic=False, languageStyle='LTR', name='fix1', opacity=1.0, ori=0.0, pos=array([0., 0.]), rgb=UNKNOWN, text='+', units='height', win=Window(...), wrapWidth=1)
311.6617 	EXP 	Created fix3 = TextStim(__class__=<class 'psychopy.visual.text.TextStim'>, alignHoriz=method-wrapper(...), alignText='center', alignVert=method-wrapper(...), anchorHoriz='center', anchorVert='center', antialias=True, autoDraw=False, autoLog=True, bold=False, color=array([1., 1., 1.]), colorSpace='rgb', contrast=1.0, depth=0.0, flipHoriz=False, flipVert=False, font='Open Sans', fontFiles=[], height=0.05, italic=False, languageStyle='LTR', name='fix3', opacity=1.0, ori=0.0, pos=array([0., 0.]), rgb=UNKNOWN, text='+', units='height', win=Window(...), wrapWidth=1)
311.7651 	EXP 	Created text_15 = TextStim(__class__=<class 'psychopy.visual.text.TextStim'>, alignHoriz=method-wrapper(...), alignText='center', alignVert=method-wrapper(...), anchorHoriz='center', anchorVert='center', antialias=True, autoDraw=False, autoLog=True, bold=False, color=array([1., 1., 1.]), colorSpace='rgb', contrast=1.0, depth=0.0, flipHoriz=False, flipVert=False, font='Open Sans', fontFiles=[], height=0.05, italic=False, languageStyle='LTR', name='text_15', opacity=1.0, ori=0.0, pos=array([0., 0.]), rgb=UNKNOWN, text=str(...), units='height', win=Window(...), wrapWidth=1)
311.7698 	EXP 	Created fix4 = TextStim(__class__=<class 'psychopy.visual.text.TextStim'>, alignHoriz=method-wrapper(...), alignText='center', alignVert=method-wrapper(...), anchorHoriz='center', anchorVert='center', antialias=True, autoDraw=False, autoLog=True, bold=False, color=array([1., 1., 1.]), colorSpace='rgb', contrast=1.0, depth=0.0, flipHoriz=False, flipVert=False, font='Open Sans', fontFiles=[], height=0.05, italic=False, languageStyle='LTR', name='fix4', opacity=1.0, ori=0.0, pos=array([0., 0.]), rgb=UNKNOWN, text='+', units='height', win=Window(...), wrapWidth=1)
311.7733 	EXP 	movie: autoLog = True
311.7733 	EXP 	fix1: autoDraw = True
453.4021 	DATA 	Keypress: equal
453.4185 	EXP 	Imported movie_stim_1.csv as conditions, 20 conditions, 6 params
453.4195 	EXP 	Created sequence: sequential, trialTypes=20, nReps=1, seed=None
453.4202 	EXP 	New trial (rep=0, index=0): OrderedDict([('run', 1), ('start_time', 10.0), ('type', 'scrambled'), ('moviestim', 'fps_60/1592044.bmp_pp90_L2_V1_scrambled_freeview_isoFalse_fps60.mp4'), ('jitters', 10.0), ('frames', None)])
453.4237 	EXP 	fix1: autoDraw = False
453.4237 	EXP 	fix3: autoDraw = True
455.4064 	DATA 	Keypress: equal
457.4061 	DATA 	Keypress: equal
459.4022 	DATA 	Keypress: equal
461.4023 	DATA 	Keypress: equal
463.7488 	DATA 	Keypress: equal
463.7837 	EXP 	fix3: autoDraw = False
463.7837 	EXP 	fix3: autoDraw = False
463.7837 	EXP 	movie: autoDraw = True
465.3988 	DATA 	Keypress: equal
466.9063 	EXP 	movie: autoDraw = False
466.9063 	EXP 	text_15: autoDraw = True
467.4062 	DATA 	Keypress: equal
467.7734 	DATA 	Keypress: 1
469.4074 	DATA 	Keypress: equal
469.8926 	EXP 	New trial (rep=0, index=1): OrderedDict([('run', 1), ('start_time', 19.68), ('type', 'scrambled'), ('moviestim', 'fps_60/1592094.bmp_pp89_L1_V1_scrambled_freeview_isoFalse_fps60.mp4'), ('jitters', 3.68), ('frames', None)])
469.9066 	EXP 	text_15: autoDraw = False
469.9066 	EXP 	text_15: autoDraw = False
469.9066 	EXP 	fix3: autoDraw = True
471.4069 	DATA 	Keypress: equal
473.4022 	DATA 	Keypress: equal
474.0191 	EXP 	fix3: autoDraw = False
474.0191 	EXP 	fix3: autoDraw = False
474.0191 	EXP 	movie: autoDraw = True
475.4031 	DATA 	Keypress: equal
477.0790 	EXP 	movie: autoDraw = False
477.0790 	EXP 	text_15: autoDraw = True
477.3945 	DATA 	Keypress: equal
478.4281 	DATA 	Keypress: 2
479.4013 	DATA 	Keypress: equal
480.0712 	EXP 	New trial (rep=0, index=2): OrderedDict([('run', 1), ('start_time', 29.81), ('type', 'veridical'), ('moviestim', 'fps_60/713142.bmp_pp54_L2_V1_veridical_freeview_isoFalse_fps60.mp4'), ('jitters', 4.129999999999999), ('frames', None)])
480.0869 	EXP 	text_15: autoDraw = False
480.0869 	EXP 	text_15: autoDraw = False
480.0869 	EXP 	fix3: autoDraw = True
481.3957 	DATA 	Keypress: equal
483.4090 	DATA 	Keypress: equal
484.6277 	EXP 	fix3: autoDraw = False
484.6277 	EXP 	fix3: autoDraw = False
484.6277 	EXP 	movie: autoDraw = True
485.4030 	DATA 	Keypress: equal
487.4030 	DATA 	Keypress: equal
487.6957 	EXP 	movie: autoDraw = False
487.6957 	EXP 	text_15: autoDraw = True
488.9537 	DATA 	Keypress: 1
489.4042 	DATA 	Keypress: equal
490.6872 	EXP 	New trial (rep=0, index=3): OrderedDict([('run', 1), ('start_time', 39.08), ('type', 'veridical'), ('moviestim', 'fps_60/1159515.bmp_pp80_L3_V1_veridical_freeview_isoFalse_fps60.mp4'), ('jitters', 3.27), ('frames', None)])
490.7034 	EXP 	text_15: autoDraw = False
490.7034 	EXP 	text_15: autoDraw = False
490.7034 	EXP 	fix3: autoDraw = True
491.3975 	DATA 	Keypress: equal
493.4032 	DATA 	Keypress: equal
494.3799 	EXP 	fix3: autoDraw = False
494.3799 	EXP 	fix3: autoDraw = False
494.3799 	EXP 	movie: autoDraw = True
495.3957 	DATA 	Keypress: equal
497.4824 	DATA 	Keypress: equal
497.4877 	EXP 	movie: autoDraw = False
497.4877 	EXP 	text_15: autoDraw = True
498.6887 	DATA 	Keypress: 1
499.4039 	DATA 	Keypress: equal
500.4814 	EXP 	New trial (rep=0, index=4): OrderedDict([('run', 1), ('start_time', 48.0), ('type', 'scrambled'), ('moviestim', 'fps_60/713142.bmp_pp54_L2_V1_scrambled_freeview_isoFalse_fps60.mp4'), ('jitters', 2.9200000000000017), ('frames', None)])
500.4982 	EXP 	text_15: autoDraw = False
500.4982 	EXP 	text_15: autoDraw = False
500.4982 	EXP 	fix3: autoDraw = True
501.3997 	DATA 	Keypress: equal
503.3971 	DATA 	Keypress: equal
503.8364 	EXP 	fix3: autoDraw = False
503.8364 	EXP 	fix3: autoDraw = False
503.8364 	EXP 	movie: autoDraw = True
505.4040 	DATA 	Keypress: equal
506.9509 	EXP 	movie: autoDraw = False
506.9509 	EXP 	text_15: autoDraw = True
507.4019 	DATA 	Keypress: equal
507.8042 	DATA 	Keypress: 1
509.4067 	DATA 	Keypress: equal
509.9421 	EXP 	New trial (rep=0, index=5): OrderedDict([('run', 1), ('start_time', 56.3), ('type', 'scrambled'), ('moviestim', 'fps_60/713330.bmp_pp51_L1_V1_scrambled_freeview_isoFalse_fps60.mp4'), ('jitters', 2.299999999999997), ('frames', None)])
509.9576 	EXP 	text_15: autoDraw = False
509.9576 	EXP 	text_15: autoDraw = False
509.9576 	EXP 	fix3: autoDraw = True
511.4021 	DATA 	Keypress: equal
512.6176 	EXP 	fix3: autoDraw = False
512.6176 	EXP 	fix3: autoDraw = False
512.6176 	EXP 	movie: autoDraw = True
513.4004 	DATA 	Keypress: equal
515.3987 	DATA 	Keypress: equal
515.7226 	EXP 	movie: autoDraw = False
515.7226 	EXP 	text_15: autoDraw = True
517.1185 	DATA 	Keypress: 2
517.4020 	DATA 	Keypress: equal
518.7117 	EXP 	New trial (rep=0, index=6): OrderedDict([('run', 1), ('start_time', 66.73), ('type', 'veridical'), ('moviestim', 'fps_60/1592044.bmp_pp90_L2_V1_veridical_freeview_isoFalse_fps60.mp4'), ('jitters', 4.430000000000007), ('frames', None)])
518.7274 	EXP 	text_15: autoDraw = False
518.7274 	EXP 	text_15: autoDraw = False
518.7274 	EXP 	fix3: autoDraw = True
519.4023 	DATA 	Keypress: equal
521.4020 	DATA 	Keypress: equal
523.5607 	DATA 	Keypress: equal
523.6095 	EXP 	fix3: autoDraw = False
523.6095 	EXP 	fix3: autoDraw = False
523.6095 	EXP 	movie: autoDraw = True
525.3945 	DATA 	Keypress: equal
526.7196 	EXP 	movie: autoDraw = False
526.7196 	EXP 	text_15: autoDraw = True
527.4019 	DATA 	Keypress: equal
527.5690 	DATA 	Keypress: 1
529.4020 	DATA 	Keypress: equal
529.7190 	EXP 	New trial (rep=0, index=7): OrderedDict([('run', 1), ('start_time', 75.4), ('type', 'scrambled'), ('moviestim', 'fps_60/1159515.bmp_pp80_L3_V1_scrambled_freeview_isoFalse_fps60.mp4'), ('jitters', 2.6700000000000017), ('frames', None)])
529.7353 	EXP 	text_15: autoDraw = False
529.7353 	EXP 	fix3: autoDraw = True
531.4055 	DATA 	Keypress: equal
532.7891 	EXP 	fix3: autoDraw = False
532.7891 	EXP 	fix3: autoDraw = False
532.7891 	EXP 	movie: autoDraw = True
533.4030 	DATA 	Keypress: equal
535.4030 	DATA 	Keypress: equal
535.8923 	EXP 	movie: autoDraw = False
535.8923 	EXP 	text_15: autoDraw = True
536.5085 	DATA 	Keypress: 1
537.3971 	DATA 	Keypress: equal
538.8811 	EXP 	New trial (rep=0, index=8): OrderedDict([('run', 1), ('start_time', 84.36), ('type', 'scrambled'), ('moviestim', 'fps_60/1160247.bmp_pp99_L2_V1_scrambled_freeview_isoFalse_fps60.mp4'), ('jitters', 2.9599999999999937), ('frames', None)])
538.8967 	EXP 	text_15: autoDraw = False
538.8967 	EXP 	text_15: autoDraw = False
538.8967 	EXP 	fix3: autoDraw = True
539.3958 	DATA 	Keypress: equal
541.4027 	DATA 	Keypress: equal
542.2419 	EXP 	fix3: autoDraw = False
542.2419 	EXP 	fix3: autoDraw = False
542.2419 	EXP 	movie: autoDraw = True
543.3998 	DATA 	Keypress: equal
545.3293 	EXP 	movie: autoDraw = False
545.3293 	EXP 	text_15: autoDraw = True
545.3954 	DATA 	Keypress: equal
546.0656 	DATA 	Keypress: 2
547.4067 	DATA 	Keypress: equal
548.3297 	EXP 	New trial (rep=0, index=9): OrderedDict([('run', 1), ('start_time', 93.97), ('type', 'veridical'), ('moviestim', 'fps_60/713807.bmp_pp152_L2_V1_veridical_freeview_isoFalse_fps60.mp4'), ('jitters', 3.61), ('frames', None)])
548.3459 	EXP 	text_15: autoDraw = False
548.3459 	EXP 	fix3: autoDraw = True
549.3990 	DATA 	Keypress: equal
551.4055 	DATA 	Keypress: equal
552.3610 	EXP 	fix3: autoDraw = False
552.3610 	EXP 	fix3: autoDraw = False
552.3610 	EXP 	movie: autoDraw = True
553.4028 	DATA 	Keypress: equal
555.4455 	DATA 	Keypress: equal
555.4513 	EXP 	movie: autoDraw = False
555.4513 	EXP 	text_15: autoDraw = True
556.3043 	DATA 	Keypress: 1
557.4079 	DATA 	Keypress: equal
558.4486 	EXP 	New trial (rep=0, index=10): OrderedDict([('run', 1), ('start_time', 103.09), ('type', 'veridical'), ('moviestim', 'fps_60/1592094.bmp_pp89_L1_V1_veridical_freeview_isoFalse_fps60.mp4'), ('jitters', 3.1200000000000045), ('frames', None)])
558.4636 	EXP 	text_15: autoDraw = False
558.4636 	EXP 	fix3: autoDraw = True
559.3944 	DATA 	Keypress: equal
561.4021 	DATA 	Keypress: equal
562.0145 	EXP 	fix3: autoDraw = False
562.0145 	EXP 	fix3: autoDraw = False
562.0145 	EXP 	movie: autoDraw = True
563.3942 	DATA 	Keypress: equal
565.0832 	EXP 	movie: autoDraw = False
565.0832 	EXP 	text_15: autoDraw = True
565.3999 	DATA 	Keypress: equal
565.7534 	DATA 	Keypress: 1
567.4089 	DATA 	Keypress: equal
568.0831 	EXP 	New trial (rep=0, index=11): OrderedDict([('run', 1), ('start_time', 112.07), ('type', 'scrambled'), ('moviestim', 'fps_60/713807.bmp_pp152_L2_V1_scrambled_freeview_isoFalse_fps60.mp4'), ('jitters', 2.9799999999999898), ('frames', None)])
568.0982 	EXP 	text_15: autoDraw = False
568.0982 	EXP 	fix3: autoDraw = True
569.4068 	DATA 	Keypress: equal
571.4440 	DATA 	Keypress: equal
571.5022 	EXP 	fix3: autoDraw = False
571.5022 	EXP 	fix3: autoDraw = False
571.5022 	EXP 	movie: autoDraw = True
573.4044 	DATA 	Keypress: equal
574.5873 	EXP 	movie: autoDraw = False
574.5873 	EXP 	text_15: autoDraw = True
575.3203 	DATA 	Keypress: 1
575.4018 	DATA 	Keypress: equal
577.4019 	DATA 	Keypress: equal
577.5865 	EXP 	New trial (rep=0, index=12): OrderedDict([('run', 1), ('start_time', 122.94), ('type', 'veridical'), ('moviestim', 'fps_60/1592836.bmp_pp64_L1_V1_veridical_freeview_isoFalse_fps60.mp4'), ('jitters', 4.8700000000000045), ('frames', None)])
577.6020 	EXP 	text_15: autoDraw = False
577.6020 	EXP 	fix3: autoDraw = True
579.4018 	DATA 	Keypress: equal
581.4017 	DATA 	Keypress: equal
582.8685 	EXP 	fix3: autoDraw = False
582.8685 	EXP 	fix3: autoDraw = False
582.8685 	EXP 	movie: autoDraw = True
583.4029 	DATA 	Keypress: equal
585.3974 	DATA 	Keypress: equal
585.9727 	EXP 	movie: autoDraw = False
585.9727 	EXP 	text_15: autoDraw = True
587.4018 	DATA 	Keypress: equal
588.9695 	EXP 	New trial (rep=0, index=13): OrderedDict([('run', 1), ('start_time', 131.58), ('type', 'veridical'), ('moviestim', 'fps_60/1592254.bmp_pp82_L2_V1_veridical_freeview_isoFalse_fps60.mp4'), ('jitters', 2.640000000000015), ('frames', None)])
588.9863 	EXP 	text_15: autoDraw = False
588.9863 	EXP 	fix3: autoDraw = True
589.4067 	DATA 	Keypress: equal
591.4033 	DATA 	Keypress: equal
592.0493 	EXP 	fix3: autoDraw = False
592.0493 	EXP 	fix3: autoDraw = False
592.0493 	EXP 	movie: autoDraw = True
593.4050 	DATA 	Keypress: equal
595.1490 	EXP 	movie: autoDraw = False
595.1490 	EXP 	text_15: autoDraw = True
595.3956 	DATA 	Keypress: equal
595.9104 	DATA 	Keypress: 1
597.3993 	DATA 	Keypress: equal
598.1356 	EXP 	New trial (rep=0, index=14): OrderedDict([('run', 1), ('start_time', 143.68), ('type', 'veridical'), ('moviestim', 'fps_60/713330.bmp_pp51_L1_V1_veridical_freeview_isoFalse_fps60.mp4'), ('jitters', 6.099999999999994), ('frames', None)])
598.1513 	EXP 	text_15: autoDraw = False
598.1513 	EXP 	text_15: autoDraw = False
598.1513 	EXP 	fix3: autoDraw = True
599.4016 	DATA 	Keypress: equal
601.4019 	DATA 	Keypress: equal
603.4064 	DATA 	Keypress: equal
604.6944 	EXP 	fix3: autoDraw = False
604.6944 	EXP 	fix3: autoDraw = False
604.6944 	EXP 	movie: autoDraw = True
605.3990 	DATA 	Keypress: equal
607.3983 	DATA 	Keypress: equal
607.7707 	EXP 	movie: autoDraw = False
607.7707 	EXP 	text_15: autoDraw = True
608.4686 	DATA 	Keypress: 1
609.4057 	DATA 	Keypress: equal
610.7593 	EXP 	New trial (rep=0, index=15): OrderedDict([('run', 1), ('start_time', 152.71), ('type', 'scrambled'), ('moviestim', 'fps_60/498155.bmp_pp99_L2_V1_scrambled_freeview_isoFalse_fps60.mp4'), ('jitters', 3.030000000000001), ('frames', None)])
610.7752 	EXP 	text_15: autoDraw = False
610.7752 	EXP 	text_15: autoDraw = False
610.7752 	EXP 	fix3: autoDraw = True
611.4089 	DATA 	Keypress: equal
613.4064 	DATA 	Keypress: equal
614.2206 	EXP 	fix3: autoDraw = False
614.2206 	EXP 	fix3: autoDraw = False
614.2206 	EXP 	movie: autoDraw = True
615.4026 	DATA 	Keypress: equal
617.3225 	EXP 	movie: autoDraw = False
617.3225 	EXP 	text_15: autoDraw = True
617.4048 	DATA 	Keypress: equal
619.0581 	DATA 	Keypress: 1
619.4076 	DATA 	Keypress: equal
620.3205 	EXP 	New trial (rep=0, index=16): OrderedDict([('run', 1), ('start_time', 162.9), ('type', 'veridical'), ('moviestim', 'fps_60/1160247.bmp_pp99_L2_V1_veridical_freeview_isoFalse_fps60.mp4'), ('jitters', 4.189999999999998), ('frames', None)])
620.3366 	EXP 	text_15: autoDraw = False
620.3366 	EXP 	fix3: autoDraw = True
621.3937 	DATA 	Keypress: equal
623.4032 	DATA 	Keypress: equal
624.9736 	EXP 	fix3: autoDraw = False
624.9736 	EXP 	fix3: autoDraw = False
624.9736 	EXP 	movie: autoDraw = True
625.4026 	DATA 	Keypress: equal
627.4033 	DATA 	Keypress: equal
628.0422 	EXP 	movie: autoDraw = False
628.0422 	EXP 	text_15: autoDraw = True
628.8453 	DATA 	Keypress: 2
629.3948 	DATA 	Keypress: equal
631.0290 	EXP 	New trial (rep=0, index=17): OrderedDict([('run', 1), ('start_time', 171.48), ('type', 'veridical'), ('moviestim', 'fps_60/498155.bmp_pp99_L2_V1_veridical_freeview_isoFalse_fps60.mp4'), ('jitters', 2.579999999999984), ('frames', None)])
631.0446 	EXP 	text_15: autoDraw = False
631.0446 	EXP 	text_15: autoDraw = False
631.0446 	EXP 	fix3: autoDraw = True
631.4017 	DATA 	Keypress: equal
633.4042 	DATA 	Keypress: equal
633.9937 	EXP 	fix3: autoDraw = False
633.9937 	EXP 	fix3: autoDraw = False
633.9937 	EXP 	movie: autoDraw = True
635.3933 	DATA 	Keypress: equal
637.1000 	EXP 	movie: autoDraw = False
637.1000 	EXP 	text_15: autoDraw = True
637.3967 	DATA 	Keypress: equal
639.3935 	DATA 	Keypress: equal
640.0525 	DATA 	Keypress: 1
640.0860 	EXP 	New trial (rep=0, index=18): OrderedDict([('run', 1), ('start_time', 180.29), ('type', 'scrambled'), ('moviestim', 'fps_60/1592254.bmp_pp82_L2_V1_scrambled_freeview_isoFalse_fps60.mp4'), ('jitters', 2.8100000000000023), ('frames', None)])
640.1019 	EXP 	text_15: autoDraw = False
640.1019 	EXP 	text_15: autoDraw = False
640.1019 	EXP 	fix3: autoDraw = True
641.3943 	DATA 	Keypress: equal
643.2686 	EXP 	fix3: autoDraw = False
643.2686 	EXP 	fix3: autoDraw = False
643.2686 	EXP 	movie: autoDraw = True
643.4027 	DATA 	Keypress: equal
645.4026 	DATA 	Keypress: equal
646.4040 	EXP 	movie: autoDraw = False
646.4040 	EXP 	text_15: autoDraw = True
647.0311 	DATA 	Keypress: 1
647.3993 	DATA 	Keypress: equal
649.3970 	DATA 	Keypress: equal
649.3979 	EXP 	New trial (rep=0, index=19): OrderedDict([('run', 1), ('start_time', 189.35), ('type', 'scrambled'), ('moviestim', 'fps_60/1592836.bmp_pp64_L1_V1_scrambled_freeview_isoFalse_fps60.mp4'), ('jitters', 3.0600000000000023), ('frames', None)])
649.4141 	EXP 	text_15: autoDraw = False
649.4141 	EXP 	text_15: autoDraw = False
649.4141 	EXP 	fix3: autoDraw = True
651.4061 	DATA 	Keypress: equal
652.8369 	EXP 	fix3: autoDraw = False
652.8369 	EXP 	fix3: autoDraw = False
652.8369 	EXP 	movie: autoDraw = True
653.4033 	DATA 	Keypress: equal
655.3957 	DATA 	Keypress: equal
655.9725 	EXP 	movie: autoDraw = False
655.9725 	EXP 	text_15: autoDraw = True
656.6279 	DATA 	Keypress: 1
657.4023 	DATA 	Keypress: equal
658.9871 	EXP 	text_15: autoDraw = False
658.9871 	EXP 	fix4: autoDraw = True
659.4017 	DATA 	Keypress: equal
661.4021 	DATA 	Keypress: equal
663.3940 	DATA 	Keypress: equal
665.3985 	DATA 	Keypress: equal
667.3943 	DATA 	Keypress: equal
668.9845 	EXP 	fix4: autoDraw = False
669.1409 	EXP 	window1: mouseVisible = True
